[ 2017-04-20T09:11:48+08:00 ] 127.0.0.1 /
INFO: [ app_init ] --START--
INFO: Run Behavior\BuildLiteBehavior [ RunTime:0.000650s ]
INFO: [ app_init ] --END-- [ RunTime:0.005455s ]
INFO: [ app_begin ] --START--
INFO: Run Behavior\ReadHtmlCacheBehavior [ RunTime:0.034899s ]
INFO: [ app_begin ] --END-- [ RunTime:0.036722s ]
SQL: SHOW COLUMNS FROM `ts_entry` [ RunTime:0.2577s ]
SQL: SHOW COLUMNS FROM `ts_commends` [ RunTime:0.0352s ]
SQL: SHOW COLUMNS FROM `ts_resources` [ RunTime:0.0467s ]
SQL: SELECT * FROM `ts_entry`  [ RunTime:0.0173s ]
SQL: SELECT * FROM `ts_commends` WHERE ( location = "首页" ) LIMIT 1   [ RunTime:0.0126s ]
SQL: SELECT * FROM `ts_resources` WHERE ( resource_id="1" )  [ RunTime:0.0217s ]
INFO: [ view_parse ] --START--
INFO: [ template_filter ] --START--
INFO: Run Behavior\ContentReplaceBehavior [ RunTime:0.000958s ]
INFO: [ template_filter ] --END-- [ RunTime:0.002204s ]
NOTIC: [8] Undefined index: msn G:\tianshuo\APP\Runtime\Cache\Tweb\1d9365017b43709e612ba79d5bc5ee6a.php 第 70 行.
INFO: Run Behavior\ParseTemplateBehavior [ RunTime:0.177713s ]
INFO: [ view_parse ] --END-- [ RunTime:0.178871s ]
INFO: [ view_filter ] --START--
INFO: Run Behavior\WriteHtmlCacheBehavior [ RunTime:0.032920s ]
INFO: [ view_filter ] --END-- [ RunTime:0.034334s ]
INFO: [ app_end ] --START--
INFO: Run Behavior\ShowPageTraceBehavior [ RunTime:0.039396s ]
INFO: [ app_end ] --END-- [ RunTime:0.040667s ]

[ 2017-04-20T09:11:49+08:00 ] 127.0.0.1 /Upload/Commends/2017-04-17/149241754458f47c08990d2.jpg
INFO: [ app_init ] --START--
INFO: Run Behavior\BuildLiteBehavior [ RunTime:0.000273s ]
INFO: [ app_init ] --END-- [ RunTime:0.002179s ]

[ 2017-04-20T09:11:49+08:00 ] 127.0.0.1 /Upload/Commends/2017-04-17/149241756058f47c19175eb.jpeg
INFO: [ app_init ] --START--
INFO: Run Behavior\BuildLiteBehavior [ RunTime:0.000278s ]
INFO: [ app_init ] --END-- [ RunTime:0.002196s ]
INFO: [ app_begin ] --START--
INFO: Run Behavior\ReadHtmlCacheBehavior [ RunTime:0.001233s ]
INFO: [ app_begin ] --END-- [ RunTime:0.002599s ]
ERR: 无法加载控制器:Upload

[ 2017-04-20T09:12:31+08:00 ] 127.0.0.1 /Public/Plugin/AjaxFileUpload/ajaxfileupload.js
INFO: [ app_init ] --START--
INFO: Run Behavior\BuildLiteBehavior [ RunTime:0.000221s ]
INFO: [ app_init ] --END-- [ RunTime:0.001773s ]
INFO: [ app_begin ] --START--
INFO: Run Behavior\ReadHtmlCacheBehavior [ RunTime:0.001035s ]
INFO: [ app_begin ] --END-- [ RunTime:0.002157s ]
ERR: 非法操作:Plugin

[ 2017-04-20T09:12:31+08:00 ] 127.0.0.1 /Upload/Commends/2017-04-17/149241754458f47c08990d2.jpg
INFO: [ app_init ] --START--
INFO: Run Behavior\BuildLiteBehavior [ RunTime:0.000243s ]
INFO: [ app_init ] --END-- [ RunTime:0.002281s ]

[ 2017-04-20T09:12:31+08:00 ] 127.0.0.1 /Upload/Commends/2017-04-17/149241756058f47c19175eb.jpeg
INFO: [ app_init ] --START--
INFO: Run Behavior\BuildLiteBehavior [ RunTime:0.000233s ]
INFO: [ app_init ] --END-- [ RunTime:0.001885s ]
INFO: [ app_begin ] --START--
INFO: Run Behavior\ReadHtmlCacheBehavior [ RunTime:0.001035s ]
INFO: [ app_begin ] --END-- [ RunTime:0.002205s ]
ERR: 无法加载控制器:Upload

[ 2017-04-20T09:12:37+08:00 ] 127.0.0.1 /Public/Plugin/AjaxFileUpload/ajaxfileupload.js
INFO: [ app_init ] --START--
INFO: Run Behavior\BuildLiteBehavior [ RunTime:0.000340s ]
INFO: [ app_init ] --END-- [ RunTime:0.002499s ]
INFO: [ app_begin ] --START--
INFO: Run Behavior\ReadHtmlCacheBehavior [ RunTime:0.001084s ]
INFO: [ app_begin ] --END-- [ RunTime:0.002264s ]
ERR: 非法操作:Plugin

[ 2017-04-20T09:12:37+08:00 ] 127.0.0.1 /Upload/Commends/2017-04-17/149241756058f47c19175eb.jpeg
INFO: [ app_init ] --START--
INFO: Run Behavior\BuildLiteBehavior [ RunTime:0.000284s ]
INFO: [ app_init ] --END-- [ RunTime:0.048095s ]
INFO: [ app_begin ] --START--
INFO: Run Behavior\ReadHtmlCacheBehavior [ RunTime:0.001032s ]
INFO: [ app_begin ] --END-- [ RunTime:0.002194s ]
ERR: 无法加载控制器:Upload

[ 2017-04-20T09:12:42+08:00 ] 127.0.0.1 /Public/Plugin/AjaxFileUpload/ajaxfileupload.js
INFO: [ app_init ] --START--
INFO: Run Behavior\BuildLiteBehavior [ RunTime:0.000307s ]
INFO: [ app_init ] --END-- [ RunTime:0.002255s ]
INFO: [ app_begin ] --START--
INFO: Run Behavior\ReadHtmlCacheBehavior [ RunTime:0.001657s ]
INFO: [ app_begin ] --END-- [ RunTime:0.003413s ]
ERR: 非法操作:Plugin

[ 2017-04-20T09:13:37+08:00 ] 127.0.0.1 /Public/Plugin/AjaxFileUpload/ajaxfileupload.js
INFO: [ app_init ] --START--
INFO: Run Behavior\BuildLiteBehavior [ RunTime:0.000293s ]
INFO: [ app_init ] --END-- [ RunTime:0.002760s ]
INFO: [ app_begin ] --START--
INFO: Run Behavior\ReadHtmlCacheBehavior [ RunTime:0.001591s ]
INFO: [ app_begin ] --END-- [ RunTime:0.003100s ]
ERR: 非法操作:Plugin

[ 2017-04-20T09:13:48+08:00 ] 127.0.0.1 /Public/Plugin/AjaxFileUpload/ajaxfileupload.js
INFO: [ app_init ] --START--
INFO: Run Behavior\BuildLiteBehavior [ RunTime:0.000397s ]
INFO: [ app_init ] --END-- [ RunTime:0.003030s ]
INFO: [ app_begin ] --START--
INFO: Run Behavior\ReadHtmlCacheBehavior [ RunTime:0.002068s ]
INFO: [ app_begin ] --END-- [ RunTime:0.003253s ]
ERR: 非法操作:Plugin

[ 2017-04-20T09:13:49+08:00 ] 127.0.0.1 /Upload/Commends/2017-04-17/149241759258f47c386d718.jpg
INFO: [ app_init ] --START--
INFO: Run Behavior\BuildLiteBehavior [ RunTime:0.000339s ]
INFO: [ app_init ] --END-- [ RunTime:0.002979s ]

[ 2017-04-20T09:13:49+08:00 ] 127.0.0.1 /Upload/Commends/2017-04-17/149241758358f47c2fc90ef.jpg
INFO: [ app_init ] --START--
INFO: Run Behavior\BuildLiteBehavior [ RunTime:0.000325s ]
INFO: [ app_init ] --END-- [ RunTime:0.002047s ]

[ 2017-04-20T09:13:57+08:00 ] 127.0.0.1 /Public/Plugin/AjaxFileUpload/ajaxfileupload.js
INFO: [ app_init ] --START--
INFO: Run Behavior\BuildLiteBehavior [ RunTime:0.000242s ]
INFO: [ app_init ] --END-- [ RunTime:0.001975s ]
INFO: [ app_begin ] --START--
INFO: Run Behavior\ReadHtmlCacheBehavior [ RunTime:0.001159s ]
INFO: [ app_begin ] --END-- [ RunTime:0.002503s ]
ERR: 非法操作:Plugin

[ 2017-04-20T09:13:57+08:00 ] 127.0.0.1 /Upload/Commends/2017-04-17/149241758358f47c2fc90ef.jpg
INFO: [ app_init ] --START--
INFO: Run Behavior\BuildLiteBehavior [ RunTime:0.000239s ]
INFO: [ app_init ] --END-- [ RunTime:0.002449s ]

[ 2017-04-20T09:14:10+08:00 ] 127.0.0.1 /Public/Plugin/AjaxFileUpload/ajaxfileupload.js
INFO: [ app_init ] --START--
INFO: Run Behavior\BuildLiteBehavior [ RunTime:0.000395s ]
INFO: [ app_init ] --END-- [ RunTime:0.003148s ]
INFO: [ app_begin ] --START--
INFO: Run Behavior\ReadHtmlCacheBehavior [ RunTime:0.001540s ]
INFO: [ app_begin ] --END-- [ RunTime:0.003271s ]
ERR: 非法操作:Plugin

[ 2017-04-20T09:14:54+08:00 ] 127.0.0.1 /Public/Plugin/AjaxFileUpload/ajaxfileupload.js
INFO: [ app_init ] --START--
INFO: Run Behavior\BuildLiteBehavior [ RunTime:0.000272s ]
INFO: [ app_init ] --END-- [ RunTime:0.002075s ]
INFO: [ app_begin ] --START--
INFO: Run Behavior\ReadHtmlCacheBehavior [ RunTime:0.001212s ]
INFO: [ app_begin ] --END-- [ RunTime:0.002535s ]
ERR: 非法操作:Plugin

[ 2017-04-20T09:15:00+08:00 ] 127.0.0.1 /Public/Plugin/AjaxFileUpload/ajaxfileupload.js
INFO: [ app_init ] --START--
INFO: Run Behavior\BuildLiteBehavior [ RunTime:0.000404s ]
INFO: [ app_init ] --END-- [ RunTime:0.013653s ]
INFO: [ app_begin ] --START--
INFO: Run Behavior\ReadHtmlCacheBehavior [ RunTime:0.001073s ]
INFO: [ app_begin ] --END-- [ RunTime:0.002223s ]
ERR: 非法操作:Plugin

[ 2017-04-20T09:15:00+08:00 ] 127.0.0.1 /Upload/Commends/2017-04-17/149241762558f47c59ca271.jpg
INFO: [ app_init ] --START--
INFO: Run Behavior\BuildLiteBehavior [ RunTime:0.000238s ]
INFO: [ app_init ] --END-- [ RunTime:0.002183s ]

[ 2017-04-20T09:15:00+08:00 ] 127.0.0.1 /Upload/Commends/2017-04-17/149241761658f47c50acfa0.jpg
INFO: [ app_init ] --START--
INFO: Run Behavior\BuildLiteBehavior [ RunTime:0.000248s ]
INFO: [ app_init ] --END-- [ RunTime:0.001933s ]

[ 2017-04-20T09:15:05+08:00 ] 127.0.0.1 /Public/Plugin/AjaxFileUpload/ajaxfileupload.js
INFO: [ app_init ] --START--
INFO: Run Behavior\BuildLiteBehavior [ RunTime:0.000243s ]
INFO: [ app_init ] --END-- [ RunTime:0.002460s ]
INFO: [ app_begin ] --START--
INFO: Run Behavior\ReadHtmlCacheBehavior [ RunTime:0.002091s ]
INFO: [ app_begin ] --END-- [ RunTime:0.003728s ]
ERR: 非法操作:Plugin

[ 2017-04-20T09:15:05+08:00 ] 127.0.0.1 /Upload/Commends/2017-04-17/149241761658f47c50acfa0.jpg
INFO: [ app_init ] --START--
INFO: Run Behavior\BuildLiteBehavior [ RunTime:0.000233s ]
INFO: [ app_init ] --END-- [ RunTime:0.002065s ]

[ 2017-04-20T09:15:10+08:00 ] 127.0.0.1 /Public/Plugin/AjaxFileUpload/ajaxfileupload.js
INFO: [ app_init ] --START--
INFO: Run Behavior\BuildLiteBehavior [ RunTime:0.000390s ]
INFO: [ app_init ] --END-- [ RunTime:0.002743s ]
INFO: [ app_begin ] --START--
INFO: Run Behavior\ReadHtmlCacheBehavior [ RunTime:0.001132s ]
INFO: [ app_begin ] --END-- [ RunTime:0.002313s ]
ERR: 非法操作:Plugin

[ 2017-04-20T09:15:32+08:00 ] 127.0.0.1 /Public/Plugin/AjaxFileUpload/ajaxfileupload.js
INFO: [ app_init ] --START--
INFO: Run Behavior\BuildLiteBehavior [ RunTime:0.000402s ]
INFO: [ app_init ] --END-- [ RunTime:0.002982s ]
INFO: [ app_begin ] --START--
INFO: Run Behavior\ReadHtmlCacheBehavior [ RunTime:0.001411s ]
INFO: [ app_begin ] --END-- [ RunTime:0.002844s ]
ERR: 非法操作:Plugin

[ 2017-04-20T09:18:59+08:00 ] 127.0.0.1 /
INFO: [ app_init ] --START--
INFO: Run Behavior\BuildLiteBehavior [ RunTime:0.000251s ]
INFO: [ app_init ] --END-- [ RunTime:0.046767s ]
INFO: [ app_begin ] --START--
INFO: Run Behavior\ReadHtmlCacheBehavior [ RunTime:0.001580s ]
INFO: [ app_begin ] --END-- [ RunTime:0.003746s ]
SQL: SHOW COLUMNS FROM `ts_entry` [ RunTime:0.1293s ]
SQL: SHOW COLUMNS FROM `ts_commends` [ RunTime:0.0355s ]
SQL: SHOW COLUMNS FROM `ts_resources` [ RunTime:0.0306s ]
SQL: SELECT * FROM `ts_entry`  [ RunTime:0.0404s ]
SQL: SELECT * FROM `ts_commends` WHERE ( location = "首页" ) LIMIT 1   [ RunTime:0.0416s ]
SQL: SELECT * FROM `ts_resources` WHERE ( resource_id="1" )  [ RunTime:0.1126s ]
INFO: [ view_parse ] --START--
INFO: [ template_filter ] --START--
INFO: Run Behavior\ContentReplaceBehavior [ RunTime:0.000807s ]
INFO: [ template_filter ] --END-- [ RunTime:0.002440s ]
NOTIC: [8] Undefined index: msn G:\tianshuo\APP\Runtime\Cache\Tweb\1d9365017b43709e612ba79d5bc5ee6a.php 第 70 行.
INFO: Run Behavior\ParseTemplateBehavior [ RunTime:0.117765s ]
INFO: [ view_parse ] --END-- [ RunTime:0.119137s ]
INFO: [ view_filter ] --START--
INFO: Run Behavior\WriteHtmlCacheBehavior [ RunTime:0.000997s ]
INFO: [ view_filter ] --END-- [ RunTime:0.002172s ]
INFO: [ app_end ] --START--
INFO: Run Behavior\ShowPageTraceBehavior [ RunTime:0.001198s ]
INFO: [ app_end ] --END-- [ RunTime:0.002493s ]

[ 2017-04-20T09:19:05+08:00 ] 127.0.0.1 /Public/Login.html
INFO: [ app_init ] --START--
INFO: Run Behavior\BuildLiteBehavior [ RunTime:0.000272s ]
INFO: [ app_init ] --END-- [ RunTime:0.002160s ]
INFO: [ app_begin ] --START--
INFO: Run Behavior\ReadHtmlCacheBehavior [ RunTime:0.001112s ]
INFO: [ app_begin ] --END-- [ RunTime:0.002249s ]
SQL: SHOW COLUMNS FROM `ts_entry` [ RunTime:0.1569s ]
SQL: SELECT * FROM `ts_entry`  [ RunTime:0.0511s ]
INFO: [ view_parse ] --START--
INFO: [ template_filter ] --START--
INFO: Run Behavior\ContentReplaceBehavior [ RunTime:0.000968s ]
INFO: [ template_filter ] --END-- [ RunTime:0.002944s ]
NOTIC: [8] Undefined index: msn G:\tianshuo\APP\Runtime\Cache\Tweb\d6379dcb74bb296669ce151b9edc05e8.php 第 40 行.
INFO: Run Behavior\ParseTemplateBehavior [ RunTime:0.244166s ]
INFO: [ view_parse ] --END-- [ RunTime:0.247255s ]
INFO: [ view_filter ] --START--
INFO: Run Behavior\WriteHtmlCacheBehavior [ RunTime:0.000985s ]
INFO: [ view_filter ] --END-- [ RunTime:0.002095s ]
INFO: [ app_end ] --START--
INFO: Run Behavior\ShowPageTraceBehavior [ RunTime:0.001055s ]
INFO: [ app_end ] --END-- [ RunTime:0.002273s ]

[ 2017-04-20T09:19:05+08:00 ] 127.0.0.1 /Public/webVerify.html
INFO: [ app_init ] --START--
INFO: Run Behavior\BuildLiteBehavior [ RunTime:0.000266s ]
INFO: [ app_init ] --END-- [ RunTime:0.002077s ]
INFO: [ app_begin ] --START--
INFO: Run Behavior\ReadHtmlCacheBehavior [ RunTime:0.001176s ]
INFO: [ app_begin ] --END-- [ RunTime:0.002474s ]
INFO: [ app_end ] --START--
INFO: Run Behavior\ShowPageTraceBehavior [ RunTime:0.001160s ]
INFO: [ app_end ] --END-- [ RunTime:0.002342s ]

[ 2017-04-20T09:19:19+08:00 ] 127.0.0.1 /Public/login.html
INFO: [ app_init ] --START--
INFO: Run Behavior\BuildLiteBehavior [ RunTime:0.000279s ]
INFO: [ app_init ] --END-- [ RunTime:0.002669s ]
INFO: [ app_begin ] --START--
INFO: Run Behavior\ReadHtmlCacheBehavior [ RunTime:0.001342s ]
INFO: [ app_begin ] --END-- [ RunTime:0.002836s ]
SQL: SHOW COLUMNS FROM `ts_entry` [ RunTime:0.0145s ]
SQL: SELECT * FROM `ts_entry`  [ RunTime:0.0275s ]
INFO: [ view_parse ] --START--
INFO: [ template_filter ] --START--
INFO: Run Behavior\ContentReplaceBehavior [ RunTime:0.000529s ]
INFO: [ template_filter ] --END-- [ RunTime:0.001630s ]
INFO: Run Behavior\ParseTemplateBehavior [ RunTime:0.020343s ]
INFO: [ view_parse ] --END-- [ RunTime:0.021472s ]
INFO: [ view_filter ] --START--
INFO: Run Behavior\WriteHtmlCacheBehavior [ RunTime:0.000923s ]
INFO: [ view_filter ] --END-- [ RunTime:0.002108s ]

[ 2017-04-20T09:19:21+08:00 ] 127.0.0.1 /Public/webVerify.html
INFO: [ app_init ] --START--
INFO: Run Behavior\BuildLiteBehavior [ RunTime:0.000240s ]
INFO: [ app_init ] --END-- [ RunTime:0.002512s ]
INFO: [ app_begin ] --START--
INFO: Run Behavior\ReadHtmlCacheBehavior [ RunTime:0.001508s ]
INFO: [ app_begin ] --END-- [ RunTime:0.002807s ]
INFO: [ app_end ] --START--
INFO: Run Behavior\ShowPageTraceBehavior [ RunTime:0.001448s ]
INFO: [ app_end ] --END-- [ RunTime:0.002985s ]

[ 2017-04-20T09:19:34+08:00 ] 127.0.0.1 /Public/login.html
INFO: [ app_init ] --START--
INFO: Run Behavior\BuildLiteBehavior [ RunTime:0.000240s ]
INFO: [ app_init ] --END-- [ RunTime:0.068123s ]
INFO: [ app_begin ] --START--
INFO: Run Behavior\ReadHtmlCacheBehavior [ RunTime:0.001077s ]
INFO: [ app_begin ] --END-- [ RunTime:0.002553s ]
SQL: SHOW COLUMNS FROM `ts_entry` [ RunTime:0.1600s ]
SQL: SELECT * FROM `ts_entry`  [ RunTime:0.0361s ]
INFO: [ view_parse ] --START--
INFO: [ template_filter ] --START--
INFO: Run Behavior\ContentReplaceBehavior [ RunTime:0.001115s ]
INFO: [ template_filter ] --END-- [ RunTime:0.003895s ]
INFO: Run Behavior\ParseTemplateBehavior [ RunTime:0.040255s ]
INFO: [ view_parse ] --END-- [ RunTime:0.043183s ]
INFO: [ view_filter ] --START--
INFO: Run Behavior\WriteHtmlCacheBehavior [ RunTime:0.001134s ]
INFO: [ view_filter ] --END-- [ RunTime:0.002655s ]

[ 2017-04-20T09:19:35+08:00 ] 127.0.0.1 /Public/webVerify.html
INFO: [ app_init ] --START--
INFO: Run Behavior\BuildLiteBehavior [ RunTime:0.000234s ]
INFO: [ app_init ] --END-- [ RunTime:0.002227s ]
INFO: [ app_begin ] --START--
INFO: Run Behavior\ReadHtmlCacheBehavior [ RunTime:0.001159s ]
INFO: [ app_begin ] --END-- [ RunTime:0.002309s ]
INFO: [ app_end ] --START--
INFO: Run Behavior\ShowPageTraceBehavior [ RunTime:0.001163s ]
INFO: [ app_end ] --END-- [ RunTime:0.002388s ]

[ 2017-04-20T09:19:50+08:00 ] 127.0.0.1 /Public/login.html
INFO: [ app_init ] --START--
INFO: Run Behavior\BuildLiteBehavior [ RunTime:0.000537s ]
INFO: [ app_init ] --END-- [ RunTime:0.002430s ]
INFO: [ app_begin ] --START--
INFO: Run Behavior\ReadHtmlCacheBehavior [ RunTime:0.000948s ]
INFO: [ app_begin ] --END-- [ RunTime:0.002407s ]
SQL: SHOW COLUMNS FROM `ts_entry` [ RunTime:0.0096s ]
SQL: SELECT * FROM `ts_entry`  [ RunTime:0.0182s ]
SQL: SHOW COLUMNS FROM `ts_member` [ RunTime:0.0266s ]
SQL: SELECT `mid`,`pwd`,`nickname`,`msn` FROM `ts_member` WHERE `mobile_phone` = '000001' OR `msn` = '000001' LIMIT 1   [ RunTime:0.3252s ]

[ 2017-04-20T09:19:52+08:00 ] 127.0.0.1 /Member/index.html
INFO: [ app_init ] --START--
INFO: Run Behavior\BuildLiteBehavior [ RunTime:0.000280s ]
INFO: [ app_init ] --END-- [ RunTime:0.002693s ]
INFO: [ app_begin ] --START--
INFO: Run Behavior\ReadHtmlCacheBehavior [ RunTime:0.001269s ]
INFO: [ app_begin ] --END-- [ RunTime:0.002426s ]
SQL: SHOW COLUMNS FROM `ts_commends` [ RunTime:0.0201s ]
SQL: SHOW COLUMNS FROM `ts_resources` [ RunTime:0.0234s ]
SQL: SELECT * FROM `ts_commends` WHERE ( location = "个人中心" ) LIMIT 1   [ RunTime:0.0238s ]
SQL: SELECT * FROM `ts_resources` WHERE ( resource_id="2" )  [ RunTime:0.0200s ]
SQL: SHOW COLUMNS FROM `ts_member` [ RunTime:0.0274s ]
SQL: SHOW COLUMNS FROM `ts_member_commlog` [ RunTime:0.0503s ]
SQL: SELECT * FROM `ts_member` WHERE ( msn="000001" ) LIMIT 1   [ RunTime:0.3527s ]
SQL: SELECT SUM(amount) AS tp_sum FROM `ts_member_commlog` WHERE `member_msn` = '000001' AND `state` = 0 LIMIT 1   [ RunTime:0.0195s ]
SQL: SELECT * FROM `ts_member` WHERE ( recom_msn='000001' )  [ RunTime:0.0193s ]
SQL: SELECT * FROM `ts_member` WHERE `recom_msn` IN ('000002')  [ RunTime:0.0113s ]
SQL: SELECT * FROM `ts_member` WHERE `recom_msn` IN ('000003')  [ RunTime:0.0206s ]
INFO: [ view_parse ] --START--
INFO: [ template_filter ] --START--
INFO: Run Behavior\ContentReplaceBehavior [ RunTime:0.000581s ]
INFO: [ template_filter ] --END-- [ RunTime:0.001721s ]
SQL: SELECT `msn`,`type` FROM `ts_member` WHERE `msn` = '000001' LIMIT 1   [ RunTime:0.9890s ]
INFO: Run Behavior\ParseTemplateBehavior [ RunTime:1.170805s ]
INFO: [ view_parse ] --END-- [ RunTime:1.172721s ]
INFO: [ view_filter ] --START--
INFO: Run Behavior\WriteHtmlCacheBehavior [ RunTime:0.001221s ]
INFO: [ view_filter ] --END-- [ RunTime:0.002614s ]
INFO: [ app_end ] --START--
INFO: Run Behavior\ShowPageTraceBehavior [ RunTime:0.001325s ]
INFO: [ app_end ] --END-- [ RunTime:0.002793s ]

[ 2017-04-20T09:20:04+08:00 ] 127.0.0.1 /Member/view.html
INFO: [ app_init ] --START--
INFO: Run Behavior\BuildLiteBehavior [ RunTime:0.000272s ]
INFO: [ app_init ] --END-- [ RunTime:0.002140s ]
INFO: [ app_begin ] --START--
INFO: Run Behavior\ReadHtmlCacheBehavior [ RunTime:0.001181s ]
INFO: [ app_begin ] --END-- [ RunTime:0.002390s ]
SQL: SHOW COLUMNS FROM `ts_commends` [ RunTime:0.0180s ]
SQL: SHOW COLUMNS FROM `ts_resources` [ RunTime:0.0116s ]
SQL: SELECT * FROM `ts_commends` WHERE ( location = "个人中心" ) LIMIT 1   [ RunTime:0.0093s ]
SQL: SELECT * FROM `ts_resources` WHERE ( resource_id="2" )  [ RunTime:0.0062s ]
SQL: SHOW COLUMNS FROM `ts_member` [ RunTime:0.0109s ]
SQL: SELECT * FROM `ts_member` WHERE ( msn="000001" ) LIMIT 1   [ RunTime:0.0134s ]
INFO: [ view_parse ] --START--
INFO: [ template_filter ] --START--
INFO: Run Behavior\ContentReplaceBehavior [ RunTime:0.000845s ]
INFO: [ template_filter ] --END-- [ RunTime:0.002724s ]
SQL: SELECT `msn`,`type` FROM `ts_member` WHERE `msn` = '000001' LIMIT 1   [ RunTime:0.0218s ]
NOTIC: [8] Undefined offset: 0 G:\tianshuo\APP\Common\Common\function.php 第 181 行.
INFO: Run Behavior\ParseTemplateBehavior [ RunTime:0.285975s ]
INFO: [ view_parse ] --END-- [ RunTime:0.287662s ]
INFO: [ view_filter ] --START--
INFO: Run Behavior\WriteHtmlCacheBehavior [ RunTime:0.001088s ]
INFO: [ view_filter ] --END-- [ RunTime:0.002677s ]
INFO: [ app_end ] --START--
INFO: Run Behavior\ShowPageTraceBehavior [ RunTime:0.001080s ]
INFO: [ app_end ] --END-- [ RunTime:0.002215s ]

[ 2017-04-20T09:20:18+08:00 ] 127.0.0.1 /Member/viewEdit
INFO: [ app_init ] --START--
INFO: Run Behavior\BuildLiteBehavior [ RunTime:0.000323s ]
INFO: [ app_init ] --END-- [ RunTime:0.002328s ]
INFO: [ app_begin ] --START--
INFO: Run Behavior\ReadHtmlCacheBehavior [ RunTime:0.001253s ]
INFO: [ app_begin ] --END-- [ RunTime:0.002566s ]
SQL: SHOW COLUMNS FROM `ts_commends` [ RunTime:0.0151s ]
SQL: SHOW COLUMNS FROM `ts_resources` [ RunTime:0.0102s ]
SQL: SELECT * FROM `ts_commends` WHERE ( location = "个人中心" ) LIMIT 1   [ RunTime:0.0125s ]
SQL: SELECT * FROM `ts_resources` WHERE ( resource_id="2" )  [ RunTime:0.0167s ]
SQL: SHOW COLUMNS FROM `ts_member` [ RunTime:0.0255s ]
SQL: SELECT * FROM `ts_member` WHERE ( msn="000001" ) LIMIT 1   [ RunTime:0.0233s ]
INFO: [ view_parse ] --START--
INFO: [ template_filter ] --START--
INFO: Run Behavior\ContentReplaceBehavior [ RunTime:0.000612s ]
INFO: [ template_filter ] --END-- [ RunTime:0.001751s ]
SQL: SELECT `msn`,`type` FROM `ts_member` WHERE `msn` = '000001' LIMIT 1   [ RunTime:0.0417s ]
INFO: Run Behavior\ParseTemplateBehavior [ RunTime:0.231563s ]
INFO: [ view_parse ] --END-- [ RunTime:0.232704s ]
INFO: [ view_filter ] --START--
INFO: Run Behavior\WriteHtmlCacheBehavior [ RunTime:0.000975s ]
INFO: [ view_filter ] --END-- [ RunTime:0.002093s ]
INFO: [ app_end ] --START--
INFO: Run Behavior\ShowPageTraceBehavior [ RunTime:0.001484s ]
INFO: [ app_end ] --END-- [ RunTime:0.002633s ]

[ 2017-04-20T09:20:30+08:00 ] 127.0.0.1 /Member/viewEdit
INFO: [ app_init ] --START--
INFO: Run Behavior\BuildLiteBehavior [ RunTime:0.000274s ]
INFO: [ app_init ] --END-- [ RunTime:0.002190s ]
INFO: [ app_begin ] --START--
INFO: Run Behavior\ReadHtmlCacheBehavior [ RunTime:0.001301s ]
INFO: [ app_begin ] --END-- [ RunTime:0.002788s ]
SQL: SHOW COLUMNS FROM `ts_commends` [ RunTime:0.0260s ]
SQL: SHOW COLUMNS FROM `ts_resources` [ RunTime:0.0534s ]
SQL: SELECT * FROM `ts_commends` WHERE ( location = "个人中心" ) LIMIT 1   [ RunTime:0.0725s ]
SQL: SELECT * FROM `ts_resources` WHERE ( resource_id="2" )  [ RunTime:0.0523s ]
SQL: SHOW COLUMNS FROM `ts_member` [ RunTime:0.0491s ]
SQL: SELECT * FROM `ts_member` WHERE ( msn="000001" ) LIMIT 1   [ RunTime:0.0171s ]
INFO: [ view_parse ] --START--
INFO: [ template_filter ] --START--
INFO: Run Behavior\ContentReplaceBehavior [ RunTime:0.000547s ]
INFO: [ template_filter ] --END-- [ RunTime:0.001646s ]
SQL: SELECT `msn`,`type` FROM `ts_member` WHERE `msn` = '000001' LIMIT 1   [ RunTime:0.0167s ]
INFO: Run Behavior\ParseTemplateBehavior [ RunTime:0.157109s ]
INFO: [ view_parse ] --END-- [ RunTime:0.159023s ]
INFO: [ view_filter ] --START--
INFO: Run Behavior\WriteHtmlCacheBehavior [ RunTime:0.000984s ]
INFO: [ view_filter ] --END-- [ RunTime:0.002124s ]
INFO: [ app_end ] --START--
INFO: Run Behavior\ShowPageTraceBehavior [ RunTime:0.001356s ]
INFO: [ app_end ] --END-- [ RunTime:0.002549s ]

[ 2017-04-20T09:33:08+08:00 ] 127.0.0.1 /Member/view.html
INFO: [ app_init ] --START--
INFO: Run Behavior\BuildLiteBehavior [ RunTime:0.000275s ]
INFO: [ app_init ] --END-- [ RunTime:0.002791s ]
INFO: [ app_begin ] --START--
INFO: Run Behavior\ReadHtmlCacheBehavior [ RunTime:0.001282s ]
INFO: [ app_begin ] --END-- [ RunTime:0.002694s ]
SQL: SHOW COLUMNS FROM `ts_commends` [ RunTime:0.1136s ]
SQL: SHOW COLUMNS FROM `ts_resources` [ RunTime:0.3082s ]
SQL: SELECT * FROM `ts_commends` WHERE ( location = "个人中心" ) LIMIT 1   [ RunTime:0.1141s ]
SQL: SELECT * FROM `ts_resources` WHERE ( resource_id="2" )  [ RunTime:0.0802s ]
SQL: SHOW COLUMNS FROM `ts_member` [ RunTime:0.3082s ]
SQL: SELECT * FROM `ts_member` WHERE ( msn="000001" ) LIMIT 1   [ RunTime:0.3403s ]
INFO: [ view_parse ] --START--
INFO: [ template_filter ] --START--
INFO: Run Behavior\ContentReplaceBehavior [ RunTime:0.000725s ]
INFO: [ template_filter ] --END-- [ RunTime:0.002276s ]
SQL: SELECT `msn`,`type` FROM `ts_member` WHERE `msn` = '000001' LIMIT 1   [ RunTime:0.5408s ]
NOTIC: [8] Undefined offset: 0 G:\tianshuo\APP\Common\Common\function.php 第 181 行.
INFO: Run Behavior\ParseTemplateBehavior [ RunTime:0.794532s ]
INFO: [ view_parse ] --END-- [ RunTime:0.798383s ]
INFO: [ view_filter ] --START--
INFO: Run Behavior\WriteHtmlCacheBehavior [ RunTime:0.001345s ]
INFO: [ view_filter ] --END-- [ RunTime:0.002797s ]
INFO: [ app_end ] --START--
INFO: Run Behavior\ShowPageTraceBehavior [ RunTime:0.001353s ]
INFO: [ app_end ] --END-- [ RunTime:0.002781s ]

[ 2017-04-20T09:33:16+08:00 ] 127.0.0.1 /Member/viewEdit
INFO: [ app_init ] --START--
INFO: Run Behavior\BuildLiteBehavior [ RunTime:0.000299s ]
INFO: [ app_init ] --END-- [ RunTime:0.002811s ]
INFO: [ app_begin ] --START--
INFO: Run Behavior\ReadHtmlCacheBehavior [ RunTime:0.001287s ]
INFO: [ app_begin ] --END-- [ RunTime:0.002676s ]
SQL: SHOW COLUMNS FROM `ts_commends` [ RunTime:0.2102s ]
SQL: SHOW COLUMNS FROM `ts_resources` [ RunTime:0.4707s ]
SQL: SELECT * FROM `ts_commends` WHERE ( location = "个人中心" ) LIMIT 1   [ RunTime:0.7042s ]
SQL: SELECT * FROM `ts_resources` WHERE ( resource_id="2" )  [ RunTime:0.3336s ]
SQL: SHOW COLUMNS FROM `ts_member` [ RunTime:0.0698s ]
SQL: SELECT * FROM `ts_member` WHERE ( msn="000001" ) LIMIT 1   [ RunTime:0.1751s ]
INFO: [ view_parse ] --START--
INFO: [ template_filter ] --START--
INFO: Run Behavior\ContentReplaceBehavior [ RunTime:0.000882s ]
INFO: [ template_filter ] --END-- [ RunTime:0.002789s ]
SQL: SELECT `msn`,`type` FROM `ts_member` WHERE `msn` = '000001' LIMIT 1   [ RunTime:0.4633s ]
INFO: Run Behavior\ParseTemplateBehavior [ RunTime:0.699136s ]
INFO: [ view_parse ] --END-- [ RunTime:0.700693s ]
INFO: [ view_filter ] --START--
INFO: Run Behavior\WriteHtmlCacheBehavior [ RunTime:0.001421s ]
INFO: [ view_filter ] --END-- [ RunTime:0.002920s ]
INFO: [ app_end ] --START--
INFO: Run Behavior\ShowPageTraceBehavior [ RunTime:0.001209s ]
INFO: [ app_end ] --END-- [ RunTime:0.002379s ]

[ 2017-04-20T09:33:46+08:00 ] 127.0.0.1 /Member/view.html
INFO: [ app_init ] --START--
INFO: Run Behavior\BuildLiteBehavior [ RunTime:0.000274s ]
INFO: [ app_init ] --END-- [ RunTime:0.002286s ]
INFO: [ app_begin ] --START--
INFO: Run Behavior\ReadHtmlCacheBehavior [ RunTime:0.001198s ]
INFO: [ app_begin ] --END-- [ RunTime:0.002494s ]
SQL: SHOW COLUMNS FROM `ts_commends` [ RunTime:0.5004s ]
SQL: SHOW COLUMNS FROM `ts_resources` [ RunTime:0.2487s ]
SQL: SELECT * FROM `ts_commends` WHERE ( location = "个人中心" ) LIMIT 1   [ RunTime:0.0919s ]
SQL: SELECT * FROM `ts_resources` WHERE ( resource_id="2" )  [ RunTime:0.1466s ]
SQL: SHOW COLUMNS FROM `ts_member` [ RunTime:0.3593s ]
SQL: SELECT * FROM `ts_member` WHERE ( msn="000001" ) LIMIT 1   [ RunTime:0.2740s ]
INFO: [ view_parse ] --START--
INFO: [ template_filter ] --START--
INFO: Run Behavior\ContentReplaceBehavior [ RunTime:0.000561s ]
INFO: [ template_filter ] --END-- [ RunTime:0.001704s ]
SQL: SELECT `msn`,`type` FROM `ts_member` WHERE `msn` = '000001' LIMIT 1   [ RunTime:0.1369s ]
NOTIC: [8] Undefined offset: 0 G:\tianshuo\APP\Common\Common\function.php 第 181 行.
INFO: Run Behavior\ParseTemplateBehavior [ RunTime:0.345281s ]
INFO: [ view_parse ] --END-- [ RunTime:0.348397s ]
INFO: [ view_filter ] --START--
INFO: Run Behavior\WriteHtmlCacheBehavior [ RunTime:0.001504s ]
INFO: [ view_filter ] --END-- [ RunTime:0.003280s ]
INFO: [ app_end ] --START--
INFO: Run Behavior\ShowPageTraceBehavior [ RunTime:0.002167s ]
INFO: [ app_end ] --END-- [ RunTime:0.004306s ]

[ 2017-04-20T09:33:56+08:00 ] 127.0.0.1 /Member/viewEdit
INFO: [ app_init ] --START--
INFO: Run Behavior\BuildLiteBehavior [ RunTime:0.000236s ]
INFO: [ app_init ] --END-- [ RunTime:0.001976s ]
INFO: [ app_begin ] --START--
INFO: Run Behavior\ReadHtmlCacheBehavior [ RunTime:0.001128s ]
INFO: [ app_begin ] --END-- [ RunTime:0.002338s ]
SQL: SHOW COLUMNS FROM `ts_commends` [ RunTime:0.2717s ]
SQL: SHOW COLUMNS FROM `ts_resources` [ RunTime:2.0710s ]
SQL: SELECT * FROM `ts_commends` WHERE ( location = "个人中心" ) LIMIT 1   [ RunTime:0.2085s ]
SQL: SELECT * FROM `ts_resources` WHERE ( resource_id="2" )  [ RunTime:0.3251s ]
SQL: SHOW COLUMNS FROM `ts_member` [ RunTime:0.5508s ]
SQL: SELECT * FROM `ts_member` WHERE ( msn="000001" ) LIMIT 1   [ RunTime:0.1115s ]
INFO: [ view_parse ] --START--
INFO: [ template_filter ] --START--
INFO: Run Behavior\ContentReplaceBehavior [ RunTime:0.000575s ]
INFO: [ template_filter ] --END-- [ RunTime:0.001843s ]
SQL: SELECT `msn`,`type` FROM `ts_member` WHERE `msn` = '000001' LIMIT 1   [ RunTime:0.2764s ]
INFO: Run Behavior\ParseTemplateBehavior [ RunTime:0.439417s ]
INFO: [ view_parse ] --END-- [ RunTime:0.441420s ]
INFO: [ view_filter ] --START--
INFO: Run Behavior\WriteHtmlCacheBehavior [ RunTime:0.000978s ]
INFO: [ view_filter ] --END-- [ RunTime:0.002096s ]
INFO: [ app_end ] --START--
INFO: Run Behavior\ShowPageTraceBehavior [ RunTime:0.001123s ]
INFO: [ app_end ] --END-- [ RunTime:0.002438s ]

[ 2017-04-20T09:46:18+08:00 ] 127.0.0.1 /Member/viewEdit
INFO: [ app_init ] --START--
INFO: Run Behavior\BuildLiteBehavior [ RunTime:0.000235s ]
INFO: [ app_init ] --END-- [ RunTime:0.002123s ]
INFO: [ app_begin ] --START--
INFO: Run Behavior\ReadHtmlCacheBehavior [ RunTime:0.001148s ]
INFO: [ app_begin ] --END-- [ RunTime:0.002368s ]
SQL: SHOW COLUMNS FROM `ts_commends` [ RunTime:0.0362s ]
SQL: SHOW COLUMNS FROM `ts_resources` [ RunTime:0.0227s ]
SQL: SELECT * FROM `ts_commends` WHERE ( location = "个人中心" ) LIMIT 1   [ RunTime:0.0076s ]
SQL: SELECT * FROM `ts_resources` WHERE ( resource_id="2" )  [ RunTime:0.0045s ]
SQL: SHOW COLUMNS FROM `ts_member` [ RunTime:0.0226s ]
SQL: SELECT * FROM `ts_member` WHERE ( msn="000001" ) LIMIT 1   [ RunTime:0.0255s ]
INFO: [ view_parse ] --START--
INFO: [ template_filter ] --START--
INFO: Run Behavior\ContentReplaceBehavior [ RunTime:0.000697s ]
INFO: [ template_filter ] --END-- [ RunTime:0.002287s ]
SQL: SELECT `msn`,`type` FROM `ts_member` WHERE `msn` = '000001' LIMIT 1   [ RunTime:0.0096s ]
INFO: Run Behavior\ParseTemplateBehavior [ RunTime:0.232646s ]
INFO: [ view_parse ] --END-- [ RunTime:0.234251s ]
INFO: [ view_filter ] --START--
INFO: Run Behavior\WriteHtmlCacheBehavior [ RunTime:0.001488s ]
INFO: [ view_filter ] --END-- [ RunTime:0.003258s ]
INFO: [ app_end ] --START--
INFO: Run Behavior\ShowPageTraceBehavior [ RunTime:0.001857s ]
INFO: [ app_end ] --END-- [ RunTime:0.003339s ]

[ 2017-04-20T09:46:18+08:00 ] 127.0.0.1 /Upload/Commends/2017-04-20/149265255858f812167fcc4.jpg
INFO: [ app_init ] --START--
INFO: Run Behavior\BuildLiteBehavior [ RunTime:0.000290s ]
INFO: [ app_init ] --END-- [ RunTime:0.002444s ]

[ 2017-04-20T09:46:18+08:00 ] 127.0.0.1 /Upload/Commends/2017-04-20/149265255858f812167ff9f.jpg
INFO: [ app_init ] --START--
INFO: Run Behavior\BuildLiteBehavior [ RunTime:0.000371s ]
INFO: [ app_init ] --END-- [ RunTime:0.002257s ]

[ 2017-04-20T09:46:18+08:00 ] 127.0.0.1 /Upload/Commends/2017-04-20/149265255858f812167fcc4.jpg
INFO: [ app_init ] --START--
INFO: Run Behavior\BuildLiteBehavior [ RunTime:0.000244s ]
INFO: [ app_init ] --END-- [ RunTime:0.001947s ]

[ 2017-04-20T15:41:47+08:00 ] 127.0.0.1 /
INFO: [ app_init ] --START--
INFO: Run Behavior\BuildLiteBehavior [ RunTime:0.000796s ]
INFO: [ app_init ] --END-- [ RunTime:0.049078s ]
INFO: [ app_begin ] --START--
INFO: Run Behavior\ReadHtmlCacheBehavior [ RunTime:0.030215s ]
INFO: [ app_begin ] --END-- [ RunTime:0.033161s ]
SQL: SHOW COLUMNS FROM `ts_entry` [ RunTime:0.0643s ]
SQL: SHOW COLUMNS FROM `ts_commends` [ RunTime:0.0502s ]
SQL: SHOW COLUMNS FROM `ts_resources` [ RunTime:0.0244s ]
SQL: SELECT * FROM `ts_entry`  [ RunTime:0.0011s ]
SQL: SELECT * FROM `ts_commends` WHERE ( location = "首页" ) LIMIT 1   [ RunTime:0.0011s ]
SQL: SELECT * FROM `ts_resources` WHERE ( resource_id="1" )  [ RunTime:0.0012s ]
INFO: [ view_parse ] --START--
INFO: [ template_filter ] --START--
INFO: Run Behavior\ContentReplaceBehavior [ RunTime:0.000607s ]
INFO: [ template_filter ] --END-- [ RunTime:0.001711s ]
NOTIC: [8] Undefined index: msn G:\tianshuo\APP\Runtime\Cache\Tweb\1d9365017b43709e612ba79d5bc5ee6a.php 第 70 行.
INFO: Run Behavior\ParseTemplateBehavior [ RunTime:0.291935s ]
INFO: [ view_parse ] --END-- [ RunTime:0.293312s ]
INFO: [ view_filter ] --START--
INFO: Run Behavior\WriteHtmlCacheBehavior [ RunTime:0.010417s ]
INFO: [ view_filter ] --END-- [ RunTime:0.011753s ]
INFO: [ app_end ] --START--
INFO: Run Behavior\ShowPageTraceBehavior [ RunTime:0.006139s ]
INFO: [ app_end ] --END-- [ RunTime:0.007403s ]

[ 2017-04-20T15:41:47+08:00 ] 127.0.0.1 /Upload/Commends/2017-04-14/149215017658f067a083f1a.jpg
INFO: [ app_init ] --START--
INFO: Run Behavior\BuildLiteBehavior [ RunTime:0.000315s ]
INFO: [ app_init ] --END-- [ RunTime:0.002108s ]

[ 2017-04-20T15:41:47+08:00 ] 127.0.0.1 /Upload/Commends/2017-04-14/149214997358f066d5907ce.jpg
INFO: [ app_init ] --START--
INFO: Run Behavior\BuildLiteBehavior [ RunTime:0.000230s ]
INFO: [ app_init ] --END-- [ RunTime:0.001751s ]

[ 2017-04-20T16:53:28+08:00 ] 127.0.0.1 /
INFO: [ app_init ] --START--
INFO: Run Behavior\BuildLiteBehavior [ RunTime:0.000244s ]
INFO: [ app_init ] --END-- [ RunTime:0.006753s ]
INFO: [ app_begin ] --START--
INFO: Run Behavior\ReadHtmlCacheBehavior [ RunTime:0.001189s ]
INFO: [ app_begin ] --END-- [ RunTime:0.002447s ]
SQL: SHOW COLUMNS FROM `ts_entry` [ RunTime:0.0718s ]
SQL: SHOW COLUMNS FROM `ts_commends` [ RunTime:0.0089s ]
SQL: SHOW COLUMNS FROM `ts_resources` [ RunTime:0.0100s ]
SQL: SELECT * FROM `ts_entry`  [ RunTime:0.0112s ]
SQL: SELECT * FROM `ts_commends` WHERE ( location = "首页" ) LIMIT 1   [ RunTime:0.0009s ]
SQL: SELECT * FROM `ts_resources` WHERE ( resource_id="1" )  [ RunTime:0.0085s ]
INFO: [ view_parse ] --START--
INFO: [ template_filter ] --START--
INFO: Run Behavior\ContentReplaceBehavior [ RunTime:0.001667s ]
INFO: [ template_filter ] --END-- [ RunTime:0.004409s ]
NOTIC: [8] Undefined index: msn G:\tianshuo\APP\Runtime\Cache\Tweb\1d9365017b43709e612ba79d5bc5ee6a.php 第 70 行.
INFO: Run Behavior\ParseTemplateBehavior [ RunTime:0.297604s ]
INFO: [ view_parse ] --END-- [ RunTime:0.299131s ]
INFO: [ view_filter ] --START--
INFO: Run Behavior\WriteHtmlCacheBehavior [ RunTime:0.000910s ]
INFO: [ view_filter ] --END-- [ RunTime:0.002047s ]
INFO: [ app_end ] --START--
INFO: Run Behavior\ShowPageTraceBehavior [ RunTime:0.001497s ]
INFO: [ app_end ] --END-- [ RunTime:0.002806s ]

[ 2017-04-20T16:53:29+08:00 ] 127.0.0.1 /Upload/Commends/2017-04-14/149214997358f066d5907ce.jpg
INFO: [ app_init ] --START--
INFO: Run Behavior\BuildLiteBehavior [ RunTime:0.000310s ]
INFO: [ app_init ] --END-- [ RunTime:0.002493s ]

[ 2017-04-20T16:53:29+08:00 ] 127.0.0.1 /Upload/Commends/2017-04-14/149215017658f067a083f1a.jpg
INFO: [ app_init ] --START--
INFO: Run Behavior\BuildLiteBehavior [ RunTime:0.000237s ]
INFO: [ app_init ] --END-- [ RunTime:0.002008s ]

[ 2017-04-20T17:47:14+08:00 ] 127.0.0.1 /
INFO: [ app_init ] --START--
INFO: Run Behavior\BuildLiteBehavior [ RunTime:0.000293s ]
INFO: [ app_init ] --END-- [ RunTime:0.002720s ]
INFO: [ app_begin ] --START--
INFO: Run Behavior\ReadHtmlCacheBehavior [ RunTime:0.001048s ]
INFO: [ app_begin ] --END-- [ RunTime:0.002197s ]
SQL: SHOW COLUMNS FROM `ts_entry` [ RunTime:0.0037s ]
SQL: SHOW COLUMNS FROM `ts_commends` [ RunTime:0.0166s ]
SQL: SHOW COLUMNS FROM `ts_resources` [ RunTime:0.0042s ]
SQL: SELECT * FROM `ts_entry`  [ RunTime:0.0005s ]
SQL: SELECT * FROM `ts_commends` WHERE ( location = "首页" ) LIMIT 1   [ RunTime:0.0008s ]
SQL: SELECT * FROM `ts_resources` WHERE ( resource_id="1" )  [ RunTime:0.0006s ]
INFO: [ view_parse ] --START--
INFO: [ template_filter ] --START--
INFO: Run Behavior\ContentReplaceBehavior [ RunTime:0.000630s ]
INFO: [ template_filter ] --END-- [ RunTime:0.001804s ]
NOTIC: [8] Undefined index: msn G:\tianshuo\APP\Runtime\Cache\Tweb\1d9365017b43709e612ba79d5bc5ee6a.php 第 70 行.
INFO: Run Behavior\ParseTemplateBehavior [ RunTime:0.096976s ]
INFO: [ view_parse ] --END-- [ RunTime:0.098187s ]
INFO: [ view_filter ] --START--
INFO: Run Behavior\WriteHtmlCacheBehavior [ RunTime:0.000961s ]
INFO: [ view_filter ] --END-- [ RunTime:0.002113s ]
INFO: [ app_end ] --START--
INFO: Run Behavior\ShowPageTraceBehavior [ RunTime:0.001017s ]
INFO: [ app_end ] --END-- [ RunTime:0.002222s ]

[ 2017-04-20T17:47:14+08:00 ] 127.0.0.1 /Upload/Commends/2017-04-14/149215017658f067a083f1a.jpg
INFO: [ app_init ] --START--
INFO: Run Behavior\BuildLiteBehavior [ RunTime:0.000237s ]
INFO: [ app_init ] --END-- [ RunTime:0.001992s ]

[ 2017-04-20T17:47:14+08:00 ] 127.0.0.1 /Upload/Commends/2017-04-14/149214997358f066d5907ce.jpg
INFO: [ app_init ] --START--
INFO: Run Behavior\BuildLiteBehavior [ RunTime:0.000365s ]
INFO: [ app_init ] --END-- [ RunTime:0.002947s ]

[ 2017-04-20T17:47:14+08:00 ] 127.0.0.1 /Upload/Commends/2017-04-14/149215017658f067a083f1a.jpg
INFO: [ app_init ] --START--
INFO: Run Behavior\BuildLiteBehavior [ RunTime:0.000409s ]
INFO: [ app_init ] --END-- [ RunTime:0.004470s ]

[ 2017-04-20T20:56:17+08:00 ] 127.0.0.1 /
INFO: [ app_init ] --START--
INFO: Run Behavior\BuildLiteBehavior [ RunTime:0.000915s ]
INFO: [ app_init ] --END-- [ RunTime:0.168694s ]
INFO: [ app_begin ] --START--
INFO: Run Behavior\ReadHtmlCacheBehavior [ RunTime:0.176595s ]
INFO: [ app_begin ] --END-- [ RunTime:0.181384s ]
SQL: SHOW COLUMNS FROM `ts_entry` [ RunTime:0.1330s ]
SQL: SHOW COLUMNS FROM `ts_commends` [ RunTime:0.1136s ]
SQL: SHOW COLUMNS FROM `ts_resources` [ RunTime:0.1393s ]
SQL: SELECT * FROM `ts_entry`  [ RunTime:0.0008s ]
SQL: SELECT * FROM `ts_commends` WHERE ( location = "首页" ) LIMIT 1   [ RunTime:0.0007s ]
SQL: SELECT * FROM `ts_resources` WHERE ( resource_id="1" )  [ RunTime:0.0007s ]
INFO: [ view_parse ] --START--
INFO: [ template_filter ] --START--
INFO: Run Behavior\ContentReplaceBehavior [ RunTime:0.040517s ]
INFO: [ template_filter ] --END-- [ RunTime:0.043383s ]
NOTIC: [8] Undefined index: msn G:\tianshuo\APP\Runtime\Cache\Tweb\1d9365017b43709e612ba79d5bc5ee6a.php 第 70 行.
INFO: Run Behavior\ParseTemplateBehavior [ RunTime:0.921683s ]
INFO: [ view_parse ] --END-- [ RunTime:0.926272s ]
INFO: [ view_filter ] --START--
INFO: Run Behavior\WriteHtmlCacheBehavior [ RunTime:0.031618s ]
INFO: [ view_filter ] --END-- [ RunTime:0.038011s ]

[ 2017-04-20T21:18:20+08:00 ] 127.0.0.1 /
INFO: [ app_init ] --START--
INFO: Run Behavior\BuildLiteBehavior [ RunTime:0.000264s ]
INFO: [ app_init ] --END-- [ RunTime:0.002441s ]
INFO: [ app_begin ] --START--
INFO: Run Behavior\ReadHtmlCacheBehavior [ RunTime:0.001232s ]
INFO: [ app_begin ] --END-- [ RunTime:0.002789s ]
SQL: SHOW COLUMNS FROM `ts_entry` [ RunTime:0.0108s ]
SQL: SHOW COLUMNS FROM `ts_commends` [ RunTime:0.0143s ]
SQL: SHOW COLUMNS FROM `ts_resources` [ RunTime:0.0075s ]
SQL: SELECT * FROM `ts_entry`  [ RunTime:0.0013s ]
SQL: SELECT * FROM `ts_commends` WHERE ( location = "首页" ) LIMIT 1   [ RunTime:0.0012s ]
SQL: SELECT * FROM `ts_resources` WHERE ( resource_id="1" )  [ RunTime:0.0013s ]
INFO: [ view_parse ] --START--
INFO: [ template_filter ] --START--
INFO: Run Behavior\ContentReplaceBehavior [ RunTime:0.001015s ]
INFO: [ template_filter ] --END-- [ RunTime:0.003448s ]
NOTIC: [8] Undefined index: msn G:\tianshuo\APP\Runtime\Cache\Tweb\1d9365017b43709e612ba79d5bc5ee6a.php 第 70 行.
INFO: Run Behavior\ParseTemplateBehavior [ RunTime:0.175488s ]
INFO: [ view_parse ] --END-- [ RunTime:0.178002s ]
INFO: [ view_filter ] --START--
INFO: Run Behavior\WriteHtmlCacheBehavior [ RunTime:0.002367s ]
INFO: [ view_filter ] --END-- [ RunTime:0.004788s ]
INFO: [ app_end ] --START--
INFO: Run Behavior\ShowPageTraceBehavior [ RunTime:0.001843s ]
INFO: [ app_end ] --END-- [ RunTime:0.003841s ]

[ 2017-04-20T21:18:21+08:00 ] 127.0.0.1 /Upload/Commends/2017-04-14/149215017658f067a083f1a.jpg
INFO: [ app_init ] --START--
INFO: Run Behavior\BuildLiteBehavior [ RunTime:0.000958s ]
INFO: [ app_init ] --END-- [ RunTime:0.008644s ]

[ 2017-04-20T21:18:21+08:00 ] 127.0.0.1 /Upload/Commends/2017-04-14/149214997358f066d5907ce.jpg
INFO: [ app_init ] --START--
INFO: Run Behavior\BuildLiteBehavior [ RunTime:0.000689s ]
INFO: [ app_init ] --END-- [ RunTime:0.004713s ]

