[ 2017-04-17T11:32:04+08:00 ] 127.0.0.1 /Member/add.html
INFO: [ app_init ] --START--
INFO: Run Behavior\BuildLiteBehavior [ RunTime:0.000151s ]
INFO: [ app_init ] --END-- [ RunTime:0.001153s ]
INFO: [ app_begin ] --START--
INFO: Run Behavior\ReadHtmlCacheBehavior [ RunTime:0.000830s ]
INFO: [ app_begin ] --END-- [ RunTime:0.001571s ]
SQL: SHOW COLUMNS FROM `ts_commends` [ RunTime:0.1069s ]
SQL: SHOW COLUMNS FROM `ts_resources` [ RunTime:0.4510s ]
SQL: SELECT * FROM `ts_commends` WHERE ( location = "个人中心" ) LIMIT 1   [ RunTime:0.4859s ]
SQL: SELECT * FROM `ts_resources` WHERE ( resource_id="2" )  [ RunTime:0.0630s ]
INFO: [ view_parse ] --START--
INFO: [ template_filter ] --START--
INFO: Run Behavior\ContentReplaceBehavior [ RunTime:0.000591s ]
INFO: [ template_filter ] --END-- [ RunTime:0.001513s ]
SQL: SHOW COLUMNS FROM `ts_member` [ RunTime:0.0729s ]
SQL: SELECT `msn`,`type` FROM `ts_member` WHERE `msn` = '000001' LIMIT 1   [ RunTime:0.0824s ]
INFO: Run Behavior\ParseTemplateBehavior [ RunTime:0.317383s ]
INFO: [ view_parse ] --END-- [ RunTime:0.319037s ]
INFO: [ view_filter ] --START--
INFO: Run Behavior\WriteHtmlCacheBehavior [ RunTime:0.001024s ]
INFO: [ view_filter ] --END-- [ RunTime:0.002083s ]
INFO: [ app_end ] --START--
INFO: Run Behavior\ShowPageTraceBehavior [ RunTime:0.001118s ]
INFO: [ app_end ] --END-- [ RunTime:0.002172s ]

[ 2017-04-17T11:32:04+08:00 ] 127.0.0.1 /Upload/Commends/2017-04-12/149196453158ed9273e585c.jpg
INFO: [ app_init ] --START--
INFO: Run Behavior\BuildLiteBehavior [ RunTime:0.000154s ]
INFO: [ app_init ] --END-- [ RunTime:0.001240s ]

[ 2017-04-17T11:32:04+08:00 ] 127.0.0.1 /Upload/Commends/2017-04-12/149196453158ed9273e5c74.jpg
INFO: [ app_init ] --START--
INFO: Run Behavior\BuildLiteBehavior [ RunTime:0.000151s ]
INFO: [ app_init ] --END-- [ RunTime:0.001316s ]

[ 2017-04-17T11:32:04+08:00 ] 127.0.0.1 /Upload/Commends/2017-04-12/149196453158ed9273e585c.jpg
INFO: [ app_init ] --START--
INFO: Run Behavior\BuildLiteBehavior [ RunTime:0.000279s ]
INFO: [ app_init ] --END-- [ RunTime:0.002052s ]

[ 2017-04-17T11:32:04+08:00 ] 127.0.0.1 /Upload/Commends/2017-04-12/149196453158ed9273e5c74.jpg
INFO: [ app_init ] --START--
INFO: Run Behavior\BuildLiteBehavior [ RunTime:0.000149s ]
INFO: [ app_init ] --END-- [ RunTime:0.001256s ]

[ 2017-04-17T11:32:10+08:00 ] 127.0.0.1 /Wallet/index.html
INFO: [ app_init ] --START--
INFO: Run Behavior\BuildLiteBehavior [ RunTime:0.000206s ]
INFO: [ app_init ] --END-- [ RunTime:0.001346s ]
INFO: [ app_begin ] --START--
INFO: Run Behavior\ReadHtmlCacheBehavior [ RunTime:0.000708s ]
INFO: [ app_begin ] --END-- [ RunTime:0.001379s ]
NOTIC: [2048] Declaration of Tweb\Controller\BaseController::get() should be compatible with Think\Controller::get($name = '') G:\ts\APP\Tweb\Controller\BaseController.class.php 第 107 行.
SQL: SHOW COLUMNS FROM `ts_commends` [ RunTime:0.0218s ]
SQL: SHOW COLUMNS FROM `ts_resources` [ RunTime:0.0254s ]
SQL: SELECT * FROM `ts_commends` WHERE ( location = "个人中心" ) LIMIT 1   [ RunTime:0.0373s ]
SQL: SELECT * FROM `ts_resources` WHERE ( resource_id="2" )  [ RunTime:0.3362s ]
SQL: SHOW COLUMNS FROM `ts_member_commission` [ RunTime:0.0272s ]
SQL: SELECT * FROM `ts_member_commission` WHERE ( member_msn='000001' )  [ RunTime:0.0556s ]
INFO: [ view_parse ] --START--
INFO: [ template_filter ] --START--
INFO: Run Behavior\ContentReplaceBehavior [ RunTime:0.000499s ]
INFO: [ template_filter ] --END-- [ RunTime:0.001368s ]
SQL: SHOW COLUMNS FROM `ts_member` [ RunTime:0.2415s ]
SQL: SELECT `msn`,`type` FROM `ts_member` WHERE `msn` = '000001' LIMIT 1   [ RunTime:0.0778s ]
INFO: Run Behavior\ParseTemplateBehavior [ RunTime:0.483617s ]
INFO: [ view_parse ] --END-- [ RunTime:0.485795s ]
INFO: [ view_filter ] --START--
INFO: Run Behavior\WriteHtmlCacheBehavior [ RunTime:0.001217s ]
INFO: [ view_filter ] --END-- [ RunTime:0.002369s ]
INFO: [ app_end ] --START--
INFO: Run Behavior\ShowPageTraceBehavior [ RunTime:0.001238s ]
INFO: [ app_end ] --END-- [ RunTime:0.002434s ]

[ 2017-04-17T11:32:10+08:00 ] 127.0.0.1 /Upload/Commends/2017-04-12/149196453158ed9273e585c.jpg
INFO: [ app_init ] --START--
INFO: Run Behavior\BuildLiteBehavior [ RunTime:0.000162s ]
INFO: [ app_init ] --END-- [ RunTime:0.001298s ]

[ 2017-04-17T11:32:10+08:00 ] 127.0.0.1 /Upload/Commends/2017-04-12/149196453158ed9273e5c74.jpg
INFO: [ app_init ] --START--
INFO: Run Behavior\BuildLiteBehavior [ RunTime:0.000149s ]
INFO: [ app_init ] --END-- [ RunTime:0.001236s ]

[ 2017-04-17T11:32:10+08:00 ] 127.0.0.1 /Ajax/getAward?page=1&pagesize=1
INFO: [ app_init ] --START--
INFO: Run Behavior\BuildLiteBehavior [ RunTime:0.000152s ]
INFO: [ app_init ] --END-- [ RunTime:0.001258s ]
INFO: [ app_begin ] --START--
INFO: Run Behavior\ReadHtmlCacheBehavior [ RunTime:0.000833s ]
INFO: [ app_begin ] --END-- [ RunTime:0.001406s ]
NOTIC: [2048] Declaration of Tweb\Controller\BaseController::get() should be compatible with Think\Controller::get($name = '') G:\ts\APP\Tweb\Controller\BaseController.class.php 第 107 行.
ERR: 非法操作:getAward

[ 2017-04-17T11:32:13+08:00 ] 127.0.0.1 /Award/index.html
INFO: [ app_init ] --START--
INFO: Run Behavior\BuildLiteBehavior [ RunTime:0.000155s ]
INFO: [ app_init ] --END-- [ RunTime:0.001262s ]
INFO: [ app_begin ] --START--
INFO: Run Behavior\ReadHtmlCacheBehavior [ RunTime:0.001083s ]
INFO: [ app_begin ] --END-- [ RunTime:0.001803s ]
NOTIC: [2048] Declaration of Tweb\Controller\BaseController::get() should be compatible with Think\Controller::get($name = '') G:\ts\APP\Tweb\Controller\BaseController.class.php 第 107 行.
SQL: SHOW COLUMNS FROM `ts_commends` [ RunTime:0.0201s ]
SQL: SHOW COLUMNS FROM `ts_resources` [ RunTime:0.0329s ]
SQL: SELECT * FROM `ts_commends` WHERE ( location = "个人中心" ) LIMIT 1   [ RunTime:0.0171s ]
SQL: SELECT * FROM `ts_resources` WHERE ( resource_id="2" )  [ RunTime:0.0192s ]
NOTIC: [8] Undefined index: week G:\ts\APP\Tweb\Controller\AwardController.class.php 第 45 行.
SQL: SHOW COLUMNS FROM `ts_member_commlog` [ RunTime:0.0161s ]
SQL: SELECT * FROM `ts_member_commlog` WHERE ( member_msn='000001'  ) LIMIT 0,10   [ RunTime:0.0109s ]
INFO: [ view_parse ] --START--
INFO: [ template_filter ] --START--
INFO: Run Behavior\ContentReplaceBehavior [ RunTime:0.000374s ]
INFO: [ template_filter ] --END-- [ RunTime:0.001055s ]
SQL: SHOW COLUMNS FROM `ts_member` [ RunTime:0.0478s ]
SQL: SELECT `msn`,`type` FROM `ts_member` WHERE `msn` = '000001' LIMIT 1   [ RunTime:0.0124s ]
NOTIC: [8] Undefined index: state G:\ts\APP\Runtime\Cache\Tweb\f99e5c22215f29075526068821cbd0df.php 第 223 行.
NOTIC: [8] Undefined index: state G:\ts\APP\Runtime\Cache\Tweb\f99e5c22215f29075526068821cbd0df.php 第 223 行.
NOTIC: [8] Undefined index: state G:\ts\APP\Runtime\Cache\Tweb\f99e5c22215f29075526068821cbd0df.php 第 223 行.
NOTIC: [8] Undefined index: state G:\ts\APP\Runtime\Cache\Tweb\f99e5c22215f29075526068821cbd0df.php 第 223 行.
NOTIC: [8] Undefined index: state G:\ts\APP\Runtime\Cache\Tweb\f99e5c22215f29075526068821cbd0df.php 第 223 行.
NOTIC: [8] Undefined index: state G:\ts\APP\Runtime\Cache\Tweb\f99e5c22215f29075526068821cbd0df.php 第 223 行.
NOTIC: [8] Undefined index: state G:\ts\APP\Runtime\Cache\Tweb\f99e5c22215f29075526068821cbd0df.php 第 223 行.
NOTIC: [8] Undefined index: state G:\ts\APP\Runtime\Cache\Tweb\f99e5c22215f29075526068821cbd0df.php 第 223 行.
NOTIC: [8] Undefined index: state G:\ts\APP\Runtime\Cache\Tweb\f99e5c22215f29075526068821cbd0df.php 第 223 行.
NOTIC: [8] Undefined index: state G:\ts\APP\Runtime\Cache\Tweb\f99e5c22215f29075526068821cbd0df.php 第 223 行.
NOTIC: [8] Undefined index: state G:\ts\APP\Runtime\Cache\Tweb\f99e5c22215f29075526068821cbd0df.php 第 223 行.
NOTIC: [8] Undefined index: state G:\ts\APP\Runtime\Cache\Tweb\f99e5c22215f29075526068821cbd0df.php 第 223 行.
INFO: Run Behavior\ParseTemplateBehavior [ RunTime:0.159499s ]
INFO: [ view_parse ] --END-- [ RunTime:0.160734s ]
INFO: [ view_filter ] --START--
INFO: Run Behavior\WriteHtmlCacheBehavior [ RunTime:0.000673s ]
INFO: [ view_filter ] --END-- [ RunTime:0.001418s ]
INFO: [ app_end ] --START--
INFO: Run Behavior\ShowPageTraceBehavior [ RunTime:0.000716s ]
INFO: [ app_end ] --END-- [ RunTime:0.001372s ]

[ 2017-04-17T11:32:13+08:00 ] 127.0.0.1 /Upload/Commends/2017-04-12/149196453158ed9273e585c.jpg
INFO: [ app_init ] --START--
INFO: Run Behavior\BuildLiteBehavior [ RunTime:0.000153s ]
INFO: [ app_init ] --END-- [ RunTime:0.001806s ]

[ 2017-04-17T11:32:13+08:00 ] 127.0.0.1 /Upload/Commends/2017-04-12/149196453158ed9273e5c74.jpg
INFO: [ app_init ] --START--
INFO: Run Behavior\BuildLiteBehavior [ RunTime:0.000261s ]
INFO: [ app_init ] --END-- [ RunTime:0.001963s ]

[ 2017-04-17T11:32:13+08:00 ] 127.0.0.1 /Ajax/getAward?page=1&pagesize=1
INFO: [ app_init ] --START--
INFO: Run Behavior\BuildLiteBehavior [ RunTime:0.000182s ]
INFO: [ app_init ] --END-- [ RunTime:0.001317s ]
INFO: [ app_begin ] --START--
INFO: Run Behavior\ReadHtmlCacheBehavior [ RunTime:0.001410s ]
INFO: [ app_begin ] --END-- [ RunTime:0.002385s ]
NOTIC: [2048] Declaration of Tweb\Controller\BaseController::get() should be compatible with Think\Controller::get($name = '') G:\ts\APP\Tweb\Controller\BaseController.class.php 第 107 行.
ERR: 非法操作:getAward

[ 2017-04-17T11:33:21+08:00 ] 127.0.0.1 /Public/Plugin/AjaxFileUpload/ajaxfileupload.js
INFO: [ app_init ] --START--
INFO: Run Behavior\BuildLiteBehavior [ RunTime:0.000148s ]
INFO: [ app_init ] --END-- [ RunTime:0.001402s ]
INFO: [ app_begin ] --START--
INFO: Run Behavior\ReadHtmlCacheBehavior [ RunTime:0.000859s ]
INFO: [ app_begin ] --END-- [ RunTime:0.001882s ]
ERR: 非法操作:Plugin

[ 2017-04-17T11:33:21+08:00 ] 127.0.0.1 /Upload/Commends/2017-04-14/149215017658f067a083f1a.jpg
INFO: [ app_init ] --START--
INFO: Run Behavior\BuildLiteBehavior [ RunTime:0.000163s ]
INFO: [ app_init ] --END-- [ RunTime:0.001207s ]

[ 2017-04-17T11:33:21+08:00 ] 127.0.0.1 /Upload/Commends/2017-04-14/149214997358f066d5907ce.jpg
INFO: [ app_init ] --START--
INFO: Run Behavior\BuildLiteBehavior [ RunTime:0.000149s ]
INFO: [ app_init ] --END-- [ RunTime:0.001151s ]

[ 2017-04-17T11:33:30+08:00 ] 127.0.0.1 /Public/Plugin/AjaxFileUpload/ajaxfileupload.js
INFO: [ app_init ] --START--
INFO: Run Behavior\BuildLiteBehavior [ RunTime:0.000283s ]
INFO: [ app_init ] --END-- [ RunTime:0.002126s ]
INFO: [ app_begin ] --START--
INFO: Run Behavior\ReadHtmlCacheBehavior [ RunTime:0.001261s ]
INFO: [ app_begin ] --END-- [ RunTime:0.002502s ]
ERR: 非法操作:Plugin

[ 2017-04-17T11:33:30+08:00 ] 127.0.0.1 /Upload/Commends/2017-04-14/149214997358f066d5907ce.jpg
INFO: [ app_init ] --START--
INFO: Run Behavior\BuildLiteBehavior [ RunTime:0.000253s ]
INFO: [ app_init ] --END-- [ RunTime:0.002108s ]

[ 2017-04-17T11:33:30+08:00 ] 127.0.0.1 /Public/Plugin/AjaxFileUpload/ajaxfileupload.js
INFO: [ app_init ] --START--
INFO: Run Behavior\BuildLiteBehavior [ RunTime:0.000183s ]
INFO: [ app_init ] --END-- [ RunTime:0.040213s ]
INFO: [ app_begin ] --START--
INFO: Run Behavior\ReadHtmlCacheBehavior [ RunTime:0.000830s ]
INFO: [ app_begin ] --END-- [ RunTime:0.001548s ]
ERR: 非法操作:Plugin

[ 2017-04-17T11:33:30+08:00 ] 127.0.0.1 /Upload/Commends/2017-04-14/149214997358f066d5907ce.jpg
INFO: [ app_init ] --START--
INFO: Run Behavior\BuildLiteBehavior [ RunTime:0.000152s ]
INFO: [ app_init ] --END-- [ RunTime:0.001297s ]

[ 2017-04-17T11:33:36+08:00 ] 127.0.0.1 /Public/Plugin/AjaxFileUpload/ajaxfileupload.js
INFO: [ app_init ] --START--
INFO: Run Behavior\BuildLiteBehavior [ RunTime:0.000178s ]
INFO: [ app_init ] --END-- [ RunTime:0.001463s ]
INFO: [ app_begin ] --START--
INFO: Run Behavior\ReadHtmlCacheBehavior [ RunTime:0.001263s ]
INFO: [ app_begin ] --END-- [ RunTime:0.002638s ]
ERR: 非法操作:Plugin

[ 2017-04-17T11:34:08+08:00 ] 127.0.0.1 /Public/Plugin/AjaxFileUpload/ajaxfileupload.js
INFO: [ app_init ] --START--
INFO: Run Behavior\BuildLiteBehavior [ RunTime:0.000153s ]
INFO: [ app_init ] --END-- [ RunTime:0.001377s ]
INFO: [ app_begin ] --START--
INFO: Run Behavior\ReadHtmlCacheBehavior [ RunTime:0.001580s ]
INFO: [ app_begin ] --END-- [ RunTime:0.002749s ]
ERR: 非法操作:Plugin

[ 2017-04-17T11:34:14+08:00 ] 127.0.0.1 /
INFO: [ app_init ] --START--
INFO: Run Behavior\BuildLiteBehavior [ RunTime:0.000174s ]
INFO: [ app_init ] --END-- [ RunTime:0.001537s ]
INFO: [ app_begin ] --START--
INFO: Run Behavior\ReadHtmlCacheBehavior [ RunTime:0.001402s ]
INFO: [ app_begin ] --END-- [ RunTime:0.002494s ]
SQL: SHOW COLUMNS FROM `ts_entry` [ RunTime:0.0251s ]
SQL: SHOW COLUMNS FROM `ts_commends` [ RunTime:0.0508s ]
SQL: SHOW COLUMNS FROM `ts_resources` [ RunTime:0.0676s ]
SQL: SELECT * FROM `ts_entry`  [ RunTime:0.0295s ]
SQL: SELECT * FROM `ts_commends` WHERE ( location = "首页" ) LIMIT 1   [ RunTime:0.0226s ]
SQL: SELECT * FROM `ts_resources` WHERE ( resource_id="1" )  [ RunTime:0.0149s ]
INFO: [ view_parse ] --START--
INFO: [ template_filter ] --START--
INFO: Run Behavior\ContentReplaceBehavior [ RunTime:0.000445s ]
INFO: [ template_filter ] --END-- [ RunTime:0.001140s ]
INFO: Run Behavior\ParseTemplateBehavior [ RunTime:0.060806s ]
INFO: [ view_parse ] --END-- [ RunTime:0.061598s ]
INFO: [ view_filter ] --START--
INFO: Run Behavior\WriteHtmlCacheBehavior [ RunTime:0.000708s ]
INFO: [ view_filter ] --END-- [ RunTime:0.001415s ]
INFO: [ app_end ] --START--
INFO: Run Behavior\ShowPageTraceBehavior [ RunTime:0.000899s ]
INFO: [ app_end ] --END-- [ RunTime:0.001580s ]

[ 2017-04-17T11:35:07+08:00 ] 127.0.0.1 /Public/Plugin/AjaxFileUpload/ajaxfileupload.js
INFO: [ app_init ] --START--
INFO: Run Behavior\BuildLiteBehavior [ RunTime:0.000152s ]
INFO: [ app_init ] --END-- [ RunTime:0.001754s ]
INFO: [ app_begin ] --START--
INFO: Run Behavior\ReadHtmlCacheBehavior [ RunTime:0.000830s ]
INFO: [ app_begin ] --END-- [ RunTime:0.001550s ]
ERR: 非法操作:Plugin

[ 2017-04-17T11:35:07+08:00 ] 127.0.0.1 /Upload/Commends/2017-04-12/149196453158ed9273e585c.jpg
INFO: [ app_init ] --START--
INFO: Run Behavior\BuildLiteBehavior [ RunTime:0.000149s ]
INFO: [ app_init ] --END-- [ RunTime:0.001338s ]

[ 2017-04-17T11:35:07+08:00 ] 127.0.0.1 /Upload/Commends/2017-04-12/149196453158ed9273e5c74.jpg
INFO: [ app_init ] --START--
INFO: Run Behavior\BuildLiteBehavior [ RunTime:0.000148s ]
INFO: [ app_init ] --END-- [ RunTime:0.001305s ]

[ 2017-04-17T11:35:13+08:00 ] 127.0.0.1 /Public/Plugin/AjaxFileUpload/ajaxfileupload.js
INFO: [ app_init ] --START--
INFO: Run Behavior\BuildLiteBehavior [ RunTime:0.000162s ]
INFO: [ app_init ] --END-- [ RunTime:0.001325s ]
INFO: [ app_begin ] --START--
INFO: Run Behavior\ReadHtmlCacheBehavior [ RunTime:0.000899s ]
INFO: [ app_begin ] --END-- [ RunTime:0.001627s ]
ERR: 非法操作:Plugin

[ 2017-04-17T11:35:13+08:00 ] 127.0.0.1 /Upload/Commends/2017-04-12/149196453158ed9273e5c74.jpg
INFO: [ app_init ] --START--
INFO: Run Behavior\BuildLiteBehavior [ RunTime:0.000151s ]
INFO: [ app_init ] --END-- [ RunTime:0.001317s ]

[ 2017-04-17T11:35:16+08:00 ] 127.0.0.1 /Public/Plugin/AjaxFileUpload/ajaxfileupload.js
INFO: [ app_init ] --START--
INFO: Run Behavior\BuildLiteBehavior [ RunTime:0.000272s ]
INFO: [ app_init ] --END-- [ RunTime:0.001940s ]
INFO: [ app_begin ] --START--
INFO: Run Behavior\ReadHtmlCacheBehavior [ RunTime:0.001223s ]
INFO: [ app_begin ] --END-- [ RunTime:0.002252s ]
ERR: 非法操作:Plugin

[ 2017-04-17T11:35:36+08:00 ] 127.0.0.1 /Public/Plugin/AjaxFileUpload/ajaxfileupload.js
INFO: [ app_init ] --START--
INFO: Run Behavior\BuildLiteBehavior [ RunTime:0.000147s ]
INFO: [ app_init ] --END-- [ RunTime:0.001256s ]
INFO: [ app_begin ] --START--
INFO: Run Behavior\ReadHtmlCacheBehavior [ RunTime:0.001105s ]
INFO: [ app_begin ] --END-- [ RunTime:0.001910s ]
ERR: 非法操作:Plugin

[ 2017-04-17T11:35:40+08:00 ] 127.0.0.1 /Public/Plugin/AjaxFileUpload/ajaxfileupload.js
INFO: [ app_init ] --START--
INFO: Run Behavior\BuildLiteBehavior [ RunTime:0.000270s ]
INFO: [ app_init ] --END-- [ RunTime:0.027349s ]
INFO: [ app_begin ] --START--
INFO: Run Behavior\ReadHtmlCacheBehavior [ RunTime:0.001423s ]
INFO: [ app_begin ] --END-- [ RunTime:0.002561s ]
ERR: 非法操作:Plugin

[ 2017-04-17T11:35:40+08:00 ] 127.0.0.1 /Upload/Commends/2017-04-12/149196457458ed929e27e38.jpg
INFO: [ app_init ] --START--
INFO: Run Behavior\BuildLiteBehavior [ RunTime:0.000214s ]
INFO: [ app_init ] --END-- [ RunTime:0.005836s ]

[ 2017-04-17T11:35:40+08:00 ] 127.0.0.1 /Upload/Commends/2017-04-12/149196457458ed929e28001.jpg
INFO: [ app_init ] --START--
INFO: Run Behavior\BuildLiteBehavior [ RunTime:0.000148s ]
INFO: [ app_init ] --END-- [ RunTime:0.001301s ]

[ 2017-04-17T11:35:40+08:00 ] 127.0.0.1 /Upload/Commends/2017-04-12/149196457458ed929e28310.jpg
INFO: [ app_init ] --START--
INFO: Run Behavior\BuildLiteBehavior [ RunTime:0.000258s ]
INFO: [ app_init ] --END-- [ RunTime:0.002058s ]

[ 2017-04-17T11:35:46+08:00 ] 127.0.0.1 /Public/Plugin/AjaxFileUpload/ajaxfileupload.js
INFO: [ app_init ] --START--
INFO: Run Behavior\BuildLiteBehavior [ RunTime:0.000146s ]
INFO: [ app_init ] --END-- [ RunTime:0.001211s ]
INFO: [ app_begin ] --START--
INFO: Run Behavior\ReadHtmlCacheBehavior [ RunTime:0.000939s ]
INFO: [ app_begin ] --END-- [ RunTime:0.002562s ]
ERR: 非法操作:Plugin

[ 2017-04-17T11:35:46+08:00 ] 127.0.0.1 /Upload/Commends/2017-04-12/149196457458ed929e28001.jpg
INFO: [ app_init ] --START--
INFO: Run Behavior\BuildLiteBehavior [ RunTime:0.000164s ]
INFO: [ app_init ] --END-- [ RunTime:0.001272s ]

[ 2017-04-17T11:35:46+08:00 ] 127.0.0.1 /Upload/Commends/2017-04-12/149196457458ed929e28310.jpg
INFO: [ app_init ] --START--
INFO: Run Behavior\BuildLiteBehavior [ RunTime:0.000253s ]
INFO: [ app_init ] --END-- [ RunTime:0.002104s ]

[ 2017-04-17T11:36:00+08:00 ] 127.0.0.1 /Public/Plugin/AjaxFileUpload/ajaxfileupload.js
INFO: [ app_init ] --START--
INFO: Run Behavior\BuildLiteBehavior [ RunTime:0.000160s ]
INFO: [ app_init ] --END-- [ RunTime:0.001230s ]
INFO: [ app_begin ] --START--
INFO: Run Behavior\ReadHtmlCacheBehavior [ RunTime:0.002602s ]
INFO: [ app_begin ] --END-- [ RunTime:0.003636s ]
ERR: 非法操作:Plugin

[ 2017-04-17T11:36:00+08:00 ] 127.0.0.1 /Upload/Commends/2017-04-12/149196457458ed929e28310.jpg
INFO: [ app_init ] --START--
INFO: Run Behavior\BuildLiteBehavior [ RunTime:0.000155s ]
INFO: [ app_init ] --END-- [ RunTime:0.001383s ]

[ 2017-04-17T11:36:07+08:00 ] 127.0.0.1 /Public/Plugin/AjaxFileUpload/ajaxfileupload.js
INFO: [ app_init ] --START--
INFO: Run Behavior\BuildLiteBehavior [ RunTime:0.000176s ]
INFO: [ app_init ] --END-- [ RunTime:0.010759s ]
INFO: [ app_begin ] --START--
INFO: Run Behavior\ReadHtmlCacheBehavior [ RunTime:0.001146s ]
INFO: [ app_begin ] --END-- [ RunTime:0.002165s ]
ERR: 非法操作:Plugin

[ 2017-04-17T11:36:11+08:00 ] 127.0.0.1 /Public/Plugin/AjaxFileUpload/ajaxfileupload.js
INFO: [ app_init ] --START--
INFO: Run Behavior\BuildLiteBehavior [ RunTime:0.000268s ]
INFO: [ app_init ] --END-- [ RunTime:0.002305s ]
INFO: [ app_begin ] --START--
INFO: Run Behavior\ReadHtmlCacheBehavior [ RunTime:0.001598s ]
INFO: [ app_begin ] --END-- [ RunTime:0.003166s ]
ERR: 非法操作:Plugin

[ 2017-04-17T11:36:33+08:00 ] 127.0.0.1 /Public/Plugin/AjaxFileUpload/ajaxfileupload.js
INFO: [ app_init ] --START--
INFO: Run Behavior\BuildLiteBehavior [ RunTime:0.000255s ]
INFO: [ app_init ] --END-- [ RunTime:0.002078s ]
INFO: [ app_begin ] --START--
INFO: Run Behavior\ReadHtmlCacheBehavior [ RunTime:0.001340s ]
INFO: [ app_begin ] --END-- [ RunTime:0.002675s ]
ERR: 非法操作:Plugin

[ 2017-04-17T11:36:33+08:00 ] 127.0.0.1 /Public/Plugin/AjaxFileUpload/ajaxfileupload.js
INFO: [ app_init ] --START--
INFO: Run Behavior\BuildLiteBehavior [ RunTime:0.000142s ]
INFO: [ app_init ] --END-- [ RunTime:0.001297s ]
INFO: [ app_begin ] --START--
INFO: Run Behavior\ReadHtmlCacheBehavior [ RunTime:0.000894s ]
INFO: [ app_begin ] --END-- [ RunTime:0.001669s ]
ERR: 非法操作:Plugin

[ 2017-04-17T11:36:38+08:00 ] 127.0.0.1 /
INFO: [ app_init ] --START--
INFO: Run Behavior\BuildLiteBehavior [ RunTime:0.000148s ]
INFO: [ app_init ] --END-- [ RunTime:0.001225s ]
INFO: [ app_begin ] --START--
INFO: Run Behavior\ReadHtmlCacheBehavior [ RunTime:0.002299s ]
INFO: [ app_begin ] --END-- [ RunTime:0.003089s ]
SQL: SHOW COLUMNS FROM `ts_entry` [ RunTime:0.0314s ]
SQL: SHOW COLUMNS FROM `ts_commends` [ RunTime:0.0168s ]
SQL: SHOW COLUMNS FROM `ts_resources` [ RunTime:0.0130s ]
SQL: SELECT * FROM `ts_entry`  [ RunTime:0.0092s ]
SQL: SELECT * FROM `ts_commends` WHERE ( location = "首页" ) LIMIT 1   [ RunTime:0.0297s ]
SQL: SELECT * FROM `ts_resources` WHERE ( resource_id="1" )  [ RunTime:0.0178s ]
INFO: [ view_parse ] --START--
INFO: [ template_filter ] --START--
INFO: Run Behavior\ContentReplaceBehavior [ RunTime:0.000440s ]
INFO: [ template_filter ] --END-- [ RunTime:0.001120s ]
INFO: Run Behavior\ParseTemplateBehavior [ RunTime:0.060315s ]
INFO: [ view_parse ] --END-- [ RunTime:0.061224s ]
INFO: [ view_filter ] --START--
INFO: Run Behavior\WriteHtmlCacheBehavior [ RunTime:0.000683s ]
INFO: [ view_filter ] --END-- [ RunTime:0.001374s ]
INFO: [ app_end ] --START--
INFO: Run Behavior\ShowPageTraceBehavior [ RunTime:0.000950s ]
INFO: [ app_end ] --END-- [ RunTime:0.001608s ]

[ 2017-04-17T11:36:41+08:00 ] 127.0.0.1 /About/index.html
INFO: [ app_init ] --START--
INFO: Run Behavior\BuildLiteBehavior [ RunTime:0.000168s ]
INFO: [ app_init ] --END-- [ RunTime:0.001316s ]
INFO: [ app_begin ] --START--
INFO: Run Behavior\ReadHtmlCacheBehavior [ RunTime:0.000970s ]
INFO: [ app_begin ] --END-- [ RunTime:0.001811s ]
INFO: [ view_parse ] --START--
INFO: [ template_filter ] --START--
INFO: Run Behavior\ContentReplaceBehavior [ RunTime:0.000387s ]
INFO: [ template_filter ] --END-- [ RunTime:0.001091s ]
INFO: Run Behavior\ParseTemplateBehavior [ RunTime:0.052070s ]
INFO: [ view_parse ] --END-- [ RunTime:0.052830s ]
INFO: [ view_filter ] --START--
INFO: Run Behavior\WriteHtmlCacheBehavior [ RunTime:0.000669s ]
INFO: [ view_filter ] --END-- [ RunTime:0.001342s ]
INFO: [ app_end ] --START--
INFO: Run Behavior\ShowPageTraceBehavior [ RunTime:0.000951s ]
INFO: [ app_end ] --END-- [ RunTime:0.001646s ]

[ 2017-04-17T11:37:09+08:00 ] 127.0.0.1 /Imall/index.html
INFO: [ app_init ] --START--
INFO: Run Behavior\BuildLiteBehavior [ RunTime:0.000157s ]
INFO: [ app_init ] --END-- [ RunTime:0.001388s ]
INFO: [ app_begin ] --START--
INFO: Run Behavior\ReadHtmlCacheBehavior [ RunTime:0.001425s ]
INFO: [ app_begin ] --END-- [ RunTime:0.002900s ]
SQL: SHOW COLUMNS FROM `ts_commends` [ RunTime:0.0178s ]
SQL: SHOW COLUMNS FROM `ts_resources` [ RunTime:0.0607s ]
SQL: SELECT * FROM `ts_commends` WHERE ( location = "积分商城" ) LIMIT 1   [ RunTime:0.0484s ]
SQL: SELECT * FROM `ts_resources` WHERE ( resource_id="3" )  [ RunTime:0.0069s ]
SQL: SHOW COLUMNS FROM `ts_goods` [ RunTime:0.0173s ]
SQL: SHOW COLUMNS FROM `ts_category` [ RunTime:0.0084s ]
SQL: SELECT * FROM `ts_category`  [ RunTime:0.0099s ]
SQL: SELECT * FROM `ts_goods` WHERE `cat_id` = 1 AND `is_show` = 1  [ RunTime:0.0106s ]
SQL: SELECT * FROM `ts_goods` WHERE `cat_id` = 5 AND `is_show` = 1  [ RunTime:0.0066s ]
SQL: SELECT * FROM `ts_goods` WHERE `cat_id` = 6 AND `is_show` = 1  [ RunTime:0.0264s ]
SQL: SELECT * FROM `ts_goods` WHERE `cat_id` = 7 AND `is_show` = 1  [ RunTime:0.0169s ]
SQL: SELECT * FROM `ts_goods` WHERE `cat_id` = 8 AND `is_show` = 1  [ RunTime:0.0606s ]
SQL: SELECT * FROM `ts_goods` WHERE `cat_id` = 9 AND `is_show` = 1  [ RunTime:0.0789s ]
SQL: SELECT * FROM `ts_goods` WHERE `cat_id` = 10 AND `is_show` = 1  [ RunTime:0.0698s ]
SQL: SELECT * FROM `ts_goods` WHERE `cat_id` = 11 AND `is_show` = 1  [ RunTime:0.1286s ]
SQL: SELECT * FROM `ts_goods` WHERE `cat_id` = 12 AND `is_show` = 1  [ RunTime:0.0287s ]
SQL: SELECT * FROM `ts_goods` WHERE `cat_id` = 13 AND `is_show` = 1  [ RunTime:0.0085s ]
SQL: SELECT * FROM `ts_goods` WHERE `cat_id` = 14 AND `is_show` = 1  [ RunTime:0.1116s ]
SQL: SELECT * FROM `ts_goods` WHERE `cat_id` = 15 AND `is_show` = 1  [ RunTime:0.0120s ]
SQL: SELECT * FROM `ts_goods` WHERE `cat_id` = 16 AND `is_show` = 1  [ RunTime:0.0761s ]
SQL: SELECT * FROM `ts_goods` WHERE `cat_id` = 17 AND `is_show` = 1  [ RunTime:0.0838s ]
SQL: SELECT * FROM `ts_goods` WHERE `cat_id` = 18 AND `is_show` = 1  [ RunTime:0.0076s ]
SQL: SELECT * FROM `ts_goods` WHERE `cat_id` = 19 AND `is_show` = 1  [ RunTime:0.0077s ]
SQL: SELECT * FROM `ts_goods` WHERE `cat_id` = 20 AND `is_show` = 1  [ RunTime:0.0077s ]
SQL: SELECT * FROM `ts_goods` WHERE `cat_id` = 21 AND `is_show` = 1  [ RunTime:0.0212s ]
SQL: SELECT * FROM `ts_commends` WHERE ( location = "积分商城" ) LIMIT 1   [ RunTime:0.0159s ]
SQL: SELECT * FROM `ts_resources` WHERE ( resource_id="3" )  [ RunTime:0.0147s ]
INFO: [ view_parse ] --START--
INFO: [ template_filter ] --START--
INFO: Run Behavior\ContentReplaceBehavior [ RunTime:0.000470s ]
INFO: [ template_filter ] --END-- [ RunTime:0.001316s ]
INFO: Run Behavior\ParseTemplateBehavior [ RunTime:0.146134s ]
INFO: [ view_parse ] --END-- [ RunTime:0.147989s ]
INFO: [ view_filter ] --START--
INFO: Run Behavior\WriteHtmlCacheBehavior [ RunTime:0.000880s ]
INFO: [ view_filter ] --END-- [ RunTime:0.001569s ]
INFO: [ app_end ] --START--
INFO: Run Behavior\ShowPageTraceBehavior [ RunTime:0.000855s ]
INFO: [ app_end ] --END-- [ RunTime:0.001569s ]

[ 2017-04-17T15:38:43+08:00 ] 127.0.0.1 /
INFO: [ app_init ] --START--
INFO: Run Behavior\BuildLiteBehavior [ RunTime:0.000242s ]
INFO: [ app_init ] --END-- [ RunTime:1.154481s ]
INFO: [ app_begin ] --START--
INFO: Run Behavior\ReadHtmlCacheBehavior [ RunTime:0.156420s ]
INFO: [ app_begin ] --END-- [ RunTime:0.157363s ]
SQL: SHOW COLUMNS FROM `ts_entry` [ RunTime:0.0920s ]
SQL: SHOW COLUMNS FROM `ts_commends` [ RunTime:0.0234s ]
SQL: SHOW COLUMNS FROM `ts_resources` [ RunTime:0.0177s ]
SQL: SELECT * FROM `ts_entry`  [ RunTime:0.0125s ]
SQL: SELECT * FROM `ts_commends` WHERE ( location = "首页" ) LIMIT 1   [ RunTime:0.0138s ]
SQL: SELECT * FROM `ts_resources` WHERE ( resource_id="1" )  [ RunTime:0.0410s ]
INFO: [ view_parse ] --START--
INFO: [ template_filter ] --START--
INFO: Run Behavior\ContentReplaceBehavior [ RunTime:0.621132s ]
INFO: [ template_filter ] --END-- [ RunTime:0.622258s ]
NOTIC: [8] Undefined index: msn G:\ts\APP\Runtime\Cache\Tweb\1d9365017b43709e612ba79d5bc5ee6a.php 第 70 行.
INFO: Run Behavior\ParseTemplateBehavior [ RunTime:5.575561s ]
INFO: [ view_parse ] --END-- [ RunTime:5.576860s ]
INFO: [ view_filter ] --START--
INFO: Run Behavior\WriteHtmlCacheBehavior [ RunTime:0.397456s ]
INFO: [ view_filter ] --END-- [ RunTime:0.399706s ]
INFO: [ app_end ] --START--
INFO: Run Behavior\ShowPageTraceBehavior [ RunTime:0.220259s ]
INFO: [ app_end ] --END-- [ RunTime:0.221522s ]

[ 2017-04-17T15:38:58+08:00 ] 127.0.0.1 /Upload/Commends/2017-04-17/149240128158f43c821efd7.jpeg
INFO: [ app_init ] --START--
INFO: Run Behavior\BuildLiteBehavior [ RunTime:0.000300s ]
INFO: [ app_init ] --END-- [ RunTime:0.001895s ]
INFO: [ app_begin ] --START--
INFO: Run Behavior\ReadHtmlCacheBehavior [ RunTime:0.001169s ]
INFO: [ app_begin ] --END-- [ RunTime:0.002247s ]
ERR: 无法加载控制器:Upload

[ 2017-04-17T15:38:58+08:00 ] 127.0.0.1 /Upload/Commends/2017-04-17/149240103258f43b887200b.jpg
INFO: [ app_init ] --START--
INFO: Run Behavior\BuildLiteBehavior [ RunTime:0.000170s ]
INFO: [ app_init ] --END-- [ RunTime:0.001639s ]

[ 2017-04-17T15:42:09+08:00 ] 127.0.0.1 /About/index.html
INFO: [ app_init ] --START--
INFO: Run Behavior\BuildLiteBehavior [ RunTime:0.000189s ]
INFO: [ app_init ] --END-- [ RunTime:0.001619s ]
INFO: [ app_begin ] --START--
INFO: Run Behavior\ReadHtmlCacheBehavior [ RunTime:0.000947s ]
INFO: [ app_begin ] --END-- [ RunTime:0.001796s ]
INFO: [ view_parse ] --START--
INFO: [ template_filter ] --START--
INFO: Run Behavior\ContentReplaceBehavior [ RunTime:0.217443s ]
INFO: [ template_filter ] --END-- [ RunTime:0.218897s ]
NOTIC: [8] Undefined index: msn G:\ts\APP\Runtime\Cache\Tweb\e4706b38618b9911c51e7912db287139.php 第 40 行.
NOTIC: [8] Undefined variable: entryStatus G:\ts\APP\Runtime\Cache\Tweb\e4706b38618b9911c51e7912db287139.php 第 42 行.
INFO: Run Behavior\ParseTemplateBehavior [ RunTime:1.365508s ]
INFO: [ view_parse ] --END-- [ RunTime:1.367749s ]
INFO: [ view_filter ] --START--
INFO: Run Behavior\WriteHtmlCacheBehavior [ RunTime:0.001754s ]
INFO: [ view_filter ] --END-- [ RunTime:0.003287s ]
INFO: [ app_end ] --START--
INFO: Run Behavior\ShowPageTraceBehavior [ RunTime:0.002311s ]
INFO: [ app_end ] --END-- [ RunTime:0.003963s ]

[ 2017-04-17T15:42:16+08:00 ] 127.0.0.1 /Upload/Commends/2017-04-17/149240128158f43c821efd7.jpeg
INFO: [ app_init ] --START--
INFO: Run Behavior\BuildLiteBehavior [ RunTime:0.000271s ]
INFO: [ app_init ] --END-- [ RunTime:0.001931s ]
INFO: [ app_begin ] --START--
INFO: Run Behavior\ReadHtmlCacheBehavior [ RunTime:0.001367s ]
INFO: [ app_begin ] --END-- [ RunTime:0.002555s ]
ERR: 无法加载控制器:Upload

[ 2017-04-17T15:43:40+08:00 ] 127.0.0.1 /Public/Plugin/AjaxFileUpload/ajaxfileupload.js
INFO: [ app_init ] --START--
INFO: Run Behavior\BuildLiteBehavior [ RunTime:0.000151s ]
INFO: [ app_init ] --END-- [ RunTime:0.001325s ]
INFO: [ app_begin ] --START--
INFO: Run Behavior\ReadHtmlCacheBehavior [ RunTime:0.000780s ]
INFO: [ app_begin ] --END-- [ RunTime:0.001960s ]
ERR: 非法操作:Plugin

[ 2017-04-17T15:43:40+08:00 ] 127.0.0.1 /Upload/Commends/2017-04-17/149240128158f43c821efd7.jpeg
INFO: [ app_init ] --START--
INFO: Run Behavior\BuildLiteBehavior [ RunTime:0.000151s ]
INFO: [ app_init ] --END-- [ RunTime:0.001304s ]
INFO: [ app_begin ] --START--
INFO: Run Behavior\ReadHtmlCacheBehavior [ RunTime:0.000920s ]
INFO: [ app_begin ] --END-- [ RunTime:0.001877s ]
ERR: 无法加载控制器:Upload

[ 2017-04-17T15:43:40+08:00 ] 127.0.0.1 /Upload/Commends/2017-04-17/149240103258f43b887200b.jpg
INFO: [ app_init ] --START--
INFO: Run Behavior\BuildLiteBehavior [ RunTime:0.000149s ]
INFO: [ app_init ] --END-- [ RunTime:0.001190s ]

[ 2017-04-17T15:43:47+08:00 ] 127.0.0.1 /Public/Plugin/AjaxFileUpload/ajaxfileupload.js
INFO: [ app_init ] --START--
INFO: Run Behavior\BuildLiteBehavior [ RunTime:0.000156s ]
INFO: [ app_init ] --END-- [ RunTime:0.001306s ]
INFO: [ app_begin ] --START--
INFO: Run Behavior\ReadHtmlCacheBehavior [ RunTime:0.000780s ]
INFO: [ app_begin ] --END-- [ RunTime:0.001761s ]
ERR: 非法操作:Plugin

[ 2017-04-17T15:43:47+08:00 ] 127.0.0.1 /Upload/Commends/2017-04-17/149240111858f43bde9f33d.jpg
INFO: [ app_init ] --START--
INFO: Run Behavior\BuildLiteBehavior [ RunTime:0.000514s ]
INFO: [ app_init ] --END-- [ RunTime:0.003722s ]

[ 2017-04-17T15:43:47+08:00 ] 127.0.0.1 /Upload/Commends/2017-04-17/149240113258f43bec8b9cb.jpg
INFO: [ app_init ] --START--
INFO: Run Behavior\BuildLiteBehavior [ RunTime:0.000160s ]
INFO: [ app_init ] --END-- [ RunTime:0.001843s ]

[ 2017-04-17T15:43:53+08:00 ] 127.0.0.1 /Public/Plugin/AjaxFileUpload/ajaxfileupload.js
INFO: [ app_init ] --START--
INFO: Run Behavior\BuildLiteBehavior [ RunTime:0.000235s ]
INFO: [ app_init ] --END-- [ RunTime:0.001835s ]
INFO: [ app_begin ] --START--
INFO: Run Behavior\ReadHtmlCacheBehavior [ RunTime:0.000788s ]
INFO: [ app_begin ] --END-- [ RunTime:0.001491s ]
ERR: 非法操作:Plugin

[ 2017-04-17T15:43:53+08:00 ] 127.0.0.1 /Upload/Commends/2017-04-17/149240119258f43c2853f51.jpg
INFO: [ app_init ] --START--
INFO: Run Behavior\BuildLiteBehavior [ RunTime:0.000214s ]
INFO: [ app_init ] --END-- [ RunTime:0.001775s ]

[ 2017-04-17T15:43:53+08:00 ] 127.0.0.1 /Upload/Commends/2017-04-17/149240118358f43c1f6f907.jpg
INFO: [ app_init ] --START--
INFO: Run Behavior\BuildLiteBehavior [ RunTime:0.000160s ]
INFO: [ app_init ] --END-- [ RunTime:0.001274s ]

[ 2017-04-17T15:44:05+08:00 ] 127.0.0.1 /Public/Plugin/AjaxFileUpload/ajaxfileupload.js
INFO: [ app_init ] --START--
INFO: Run Behavior\BuildLiteBehavior [ RunTime:0.000284s ]
INFO: [ app_init ] --END-- [ RunTime:0.002402s ]
INFO: [ app_begin ] --START--
INFO: Run Behavior\ReadHtmlCacheBehavior [ RunTime:0.001468s ]
INFO: [ app_begin ] --END-- [ RunTime:0.002995s ]
ERR: 非法操作:Plugin

[ 2017-04-17T15:44:05+08:00 ] 127.0.0.1 /Upload/Commends/2017-04-17/149240128158f43c821efd7.jpeg
INFO: [ app_init ] --START--
INFO: Run Behavior\BuildLiteBehavior [ RunTime:0.000158s ]
INFO: [ app_init ] --END-- [ RunTime:0.001315s ]
INFO: [ app_begin ] --START--
INFO: Run Behavior\ReadHtmlCacheBehavior [ RunTime:0.000813s ]
INFO: [ app_begin ] --END-- [ RunTime:0.001849s ]
ERR: 无法加载控制器:Upload

[ 2017-04-17T15:44:05+08:00 ] 127.0.0.1 /Upload/Commends/2017-04-17/149240103258f43b887200b.jpg
INFO: [ app_init ] --START--
INFO: Run Behavior\BuildLiteBehavior [ RunTime:0.000148s ]
INFO: [ app_init ] --END-- [ RunTime:0.001215s ]

[ 2017-04-17T15:44:09+08:00 ] 127.0.0.1 /Public/Plugin/AjaxFileUpload/ajaxfileupload.js
INFO: [ app_init ] --START--
INFO: Run Behavior\BuildLiteBehavior [ RunTime:0.000263s ]
INFO: [ app_init ] --END-- [ RunTime:0.002033s ]
INFO: [ app_begin ] --START--
INFO: Run Behavior\ReadHtmlCacheBehavior [ RunTime:0.002377s ]
INFO: [ app_begin ] --END-- [ RunTime:0.003700s ]
ERR: 非法操作:Plugin

[ 2017-04-17T15:44:09+08:00 ] 127.0.0.1 /Upload/Commends/2017-04-17/149240103258f43b887200b.jpg
INFO: [ app_init ] --START--
INFO: Run Behavior\BuildLiteBehavior [ RunTime:0.000268s ]
INFO: [ app_init ] --END-- [ RunTime:0.002167s ]

[ 2017-04-17T15:44:14+08:00 ] 127.0.0.1 /Public/Plugin/AjaxFileUpload/ajaxfileupload.js
INFO: [ app_init ] --START--
INFO: Run Behavior\BuildLiteBehavior [ RunTime:0.000142s ]
INFO: [ app_init ] --END-- [ RunTime:0.001156s ]
INFO: [ app_begin ] --START--
INFO: Run Behavior\ReadHtmlCacheBehavior [ RunTime:0.000744s ]
INFO: [ app_begin ] --END-- [ RunTime:0.001546s ]
ERR: 非法操作:Plugin

[ 2017-04-17T15:44:16+08:00 ] 127.0.0.1 /Public/Plugin/AjaxFileUpload/ajaxfileupload.js
INFO: [ app_init ] --START--
INFO: Run Behavior\BuildLiteBehavior [ RunTime:0.000142s ]
INFO: [ app_init ] --END-- [ RunTime:0.001200s ]
INFO: [ app_begin ] --START--
INFO: Run Behavior\ReadHtmlCacheBehavior [ RunTime:0.000797s ]
INFO: [ app_begin ] --END-- [ RunTime:0.001495s ]
ERR: 非法操作:Plugin

[ 2017-04-17T15:45:16+08:00 ] 127.0.0.1 /Public/Plugin/AjaxFileUpload/ajaxfileupload.js
INFO: [ app_init ] --START--
INFO: Run Behavior\BuildLiteBehavior [ RunTime:0.000265s ]
INFO: [ app_init ] --END-- [ RunTime:0.002079s ]
INFO: [ app_begin ] --START--
INFO: Run Behavior\ReadHtmlCacheBehavior [ RunTime:0.000867s ]
INFO: [ app_begin ] --END-- [ RunTime:0.001597s ]
ERR: 非法操作:Plugin

[ 2017-04-17T15:45:20+08:00 ] 127.0.0.1 /Public/Plugin/AjaxFileUpload/ajaxfileupload.js
INFO: [ app_init ] --START--
INFO: Run Behavior\BuildLiteBehavior [ RunTime:0.000256s ]
INFO: [ app_init ] --END-- [ RunTime:0.001990s ]
INFO: [ app_begin ] --START--
INFO: Run Behavior\ReadHtmlCacheBehavior [ RunTime:0.001332s ]
INFO: [ app_begin ] --END-- [ RunTime:0.002315s ]
ERR: 非法操作:Plugin

[ 2017-04-17T15:45:20+08:00 ] 127.0.0.1 /Upload/Commends/2017-04-17/149240111858f43bde9f33d.jpg
INFO: [ app_init ] --START--
INFO: Run Behavior\BuildLiteBehavior [ RunTime:0.000170s ]
INFO: [ app_init ] --END-- [ RunTime:0.001906s ]

[ 2017-04-17T15:45:20+08:00 ] 127.0.0.1 /Upload/Commends/2017-04-17/149240113258f43bec8b9cb.jpg
INFO: [ app_init ] --START--
INFO: Run Behavior\BuildLiteBehavior [ RunTime:0.000155s ]
INFO: [ app_init ] --END-- [ RunTime:0.001651s ]

[ 2017-04-17T15:45:20+08:00 ] 127.0.0.1 /Public/Plugin/AjaxFileUpload/ajaxfileupload.js
INFO: [ app_init ] --START--
INFO: Run Behavior\BuildLiteBehavior [ RunTime:0.000150s ]
INFO: [ app_init ] --END-- [ RunTime:0.001330s ]
INFO: [ app_begin ] --START--
INFO: Run Behavior\ReadHtmlCacheBehavior [ RunTime:0.000928s ]
INFO: [ app_begin ] --END-- [ RunTime:0.001821s ]
ERR: 非法操作:Plugin

[ 2017-04-17T15:45:20+08:00 ] 127.0.0.1 /Upload/Commends/2017-04-17/149240111858f43bde9f33d.jpg
INFO: [ app_init ] --START--
INFO: Run Behavior\BuildLiteBehavior [ RunTime:0.000168s ]
INFO: [ app_init ] --END-- [ RunTime:0.001428s ]

[ 2017-04-17T15:45:20+08:00 ] 127.0.0.1 /Upload/Commends/2017-04-17/149240113258f43bec8b9cb.jpg
INFO: [ app_init ] --START--
INFO: Run Behavior\BuildLiteBehavior [ RunTime:0.000154s ]
INFO: [ app_init ] --END-- [ RunTime:0.001322s ]

[ 2017-04-17T15:45:24+08:00 ] 127.0.0.1 /Public/Plugin/AjaxFileUpload/ajaxfileupload.js
INFO: [ app_init ] --START--
INFO: Run Behavior\BuildLiteBehavior [ RunTime:0.000166s ]
INFO: [ app_init ] --END-- [ RunTime:0.001424s ]
INFO: [ app_begin ] --START--
INFO: Run Behavior\ReadHtmlCacheBehavior [ RunTime:0.000891s ]
INFO: [ app_begin ] --END-- [ RunTime:0.001594s ]
ERR: 非法操作:Plugin

[ 2017-04-17T15:45:24+08:00 ] 127.0.0.1 /Upload/Commends/2017-04-17/149240113258f43bec8b9cb.jpg
INFO: [ app_init ] --START--
INFO: Run Behavior\BuildLiteBehavior [ RunTime:0.000154s ]
INFO: [ app_init ] --END-- [ RunTime:0.001375s ]

[ 2017-04-17T15:45:24+08:00 ] 127.0.0.1 /Public/Plugin/AjaxFileUpload/ajaxfileupload.js
INFO: [ app_init ] --START--
INFO: Run Behavior\BuildLiteBehavior [ RunTime:0.000237s ]
INFO: [ app_init ] --END-- [ RunTime:0.001808s ]
INFO: [ app_begin ] --START--
INFO: Run Behavior\ReadHtmlCacheBehavior [ RunTime:0.000897s ]
INFO: [ app_begin ] --END-- [ RunTime:0.001636s ]
ERR: 非法操作:Plugin

[ 2017-04-17T15:45:24+08:00 ] 127.0.0.1 /Upload/Commends/2017-04-17/149240113258f43bec8b9cb.jpg
INFO: [ app_init ] --START--
INFO: Run Behavior\BuildLiteBehavior [ RunTime:0.000229s ]
INFO: [ app_init ] --END-- [ RunTime:0.001918s ]

[ 2017-04-17T15:45:28+08:00 ] 127.0.0.1 /Public/Plugin/AjaxFileUpload/ajaxfileupload.js
INFO: [ app_init ] --START--
INFO: Run Behavior\BuildLiteBehavior [ RunTime:0.000153s ]
INFO: [ app_init ] --END-- [ RunTime:0.001382s ]
INFO: [ app_begin ] --START--
INFO: Run Behavior\ReadHtmlCacheBehavior [ RunTime:0.000905s ]
INFO: [ app_begin ] --END-- [ RunTime:0.001654s ]
ERR: 非法操作:Plugin

[ 2017-04-17T15:45:44+08:00 ] 127.0.0.1 /Public/Plugin/AjaxFileUpload/ajaxfileupload.js
INFO: [ app_init ] --START--
INFO: Run Behavior\BuildLiteBehavior [ RunTime:0.000260s ]
INFO: [ app_init ] --END-- [ RunTime:0.002507s ]
INFO: [ app_begin ] --START--
INFO: Run Behavior\ReadHtmlCacheBehavior [ RunTime:0.001504s ]
INFO: [ app_begin ] --END-- [ RunTime:0.002484s ]
ERR: 非法操作:Plugin

[ 2017-04-17T15:45:48+08:00 ] 127.0.0.1 /Public/Plugin/AjaxFileUpload/ajaxfileupload.js
INFO: [ app_init ] --START--
INFO: Run Behavior\BuildLiteBehavior [ RunTime:0.000270s ]
INFO: [ app_init ] --END-- [ RunTime:0.002111s ]
INFO: [ app_begin ] --START--
INFO: Run Behavior\ReadHtmlCacheBehavior [ RunTime:0.001316s ]
INFO: [ app_begin ] --END-- [ RunTime:0.002816s ]
ERR: 非法操作:Plugin

[ 2017-04-17T15:45:48+08:00 ] 127.0.0.1 /Upload/Commends/2017-04-17/149240119258f43c2853f51.jpg
INFO: [ app_init ] --START--
INFO: Run Behavior\BuildLiteBehavior [ RunTime:0.000154s ]
INFO: [ app_init ] --END-- [ RunTime:0.001606s ]

[ 2017-04-17T15:45:48+08:00 ] 127.0.0.1 /Upload/Commends/2017-04-17/149240118358f43c1f6f907.jpg
INFO: [ app_init ] --START--
INFO: Run Behavior\BuildLiteBehavior [ RunTime:0.000266s ]
INFO: [ app_init ] --END-- [ RunTime:0.001844s ]

[ 2017-04-17T15:45:54+08:00 ] 127.0.0.1 /Public/Plugin/AjaxFileUpload/ajaxfileupload.js
INFO: [ app_init ] --START--
INFO: Run Behavior\BuildLiteBehavior [ RunTime:0.000150s ]
INFO: [ app_init ] --END-- [ RunTime:0.001320s ]
INFO: [ app_begin ] --START--
INFO: Run Behavior\ReadHtmlCacheBehavior [ RunTime:0.001113s ]
INFO: [ app_begin ] --END-- [ RunTime:0.002054s ]
ERR: 非法操作:Plugin

[ 2017-04-17T15:45:54+08:00 ] 127.0.0.1 /Upload/Commends/2017-04-17/149240118358f43c1f6f907.jpg
INFO: [ app_init ] --START--
INFO: Run Behavior\BuildLiteBehavior [ RunTime:0.000231s ]
INFO: [ app_init ] --END-- [ RunTime:0.002112s ]

[ 2017-04-17T15:45:54+08:00 ] 127.0.0.1 /Public/Plugin/AjaxFileUpload/ajaxfileupload.js
INFO: [ app_init ] --START--
INFO: Run Behavior\BuildLiteBehavior [ RunTime:0.000264s ]
INFO: [ app_init ] --END-- [ RunTime:0.002291s ]
INFO: [ app_begin ] --START--
INFO: Run Behavior\ReadHtmlCacheBehavior [ RunTime:0.000870s ]
INFO: [ app_begin ] --END-- [ RunTime:0.001566s ]
ERR: 非法操作:Plugin

[ 2017-04-17T15:45:54+08:00 ] 127.0.0.1 /Upload/Commends/2017-04-17/149240118358f43c1f6f907.jpg
INFO: [ app_init ] --START--
INFO: Run Behavior\BuildLiteBehavior [ RunTime:0.000241s ]
INFO: [ app_init ] --END-- [ RunTime:0.001803s ]

[ 2017-04-17T15:45:58+08:00 ] 127.0.0.1 /Public/Plugin/AjaxFileUpload/ajaxfileupload.js
INFO: [ app_init ] --START--
INFO: Run Behavior\BuildLiteBehavior [ RunTime:0.000149s ]
INFO: [ app_init ] --END-- [ RunTime:0.001330s ]
INFO: [ app_begin ] --START--
INFO: Run Behavior\ReadHtmlCacheBehavior [ RunTime:0.000970s ]
INFO: [ app_begin ] --END-- [ RunTime:0.002466s ]
ERR: 非法操作:Plugin

[ 2017-04-17T15:46:21+08:00 ] 127.0.0.1 /Public/Plugin/AjaxFileUpload/ajaxfileupload.js
INFO: [ app_init ] --START--
INFO: Run Behavior\BuildLiteBehavior [ RunTime:0.000189s ]
INFO: [ app_init ] --END-- [ RunTime:0.001410s ]
INFO: [ app_begin ] --START--
INFO: Run Behavior\ReadHtmlCacheBehavior [ RunTime:0.001389s ]
INFO: [ app_begin ] --END-- [ RunTime:0.002234s ]
ERR: 非法操作:Plugin

[ 2017-04-17T15:46:26+08:00 ] 127.0.0.1 /
INFO: [ app_init ] --START--
INFO: Run Behavior\BuildLiteBehavior [ RunTime:0.000144s ]
INFO: [ app_init ] --END-- [ RunTime:0.001199s ]
INFO: [ app_begin ] --START--
INFO: Run Behavior\ReadHtmlCacheBehavior [ RunTime:0.002234s ]
INFO: [ app_begin ] --END-- [ RunTime:0.003687s ]
SQL: SHOW COLUMNS FROM `ts_entry` [ RunTime:0.0479s ]
SQL: SHOW COLUMNS FROM `ts_commends` [ RunTime:0.0246s ]
SQL: SHOW COLUMNS FROM `ts_resources` [ RunTime:0.0266s ]
SQL: SELECT * FROM `ts_entry`  [ RunTime:0.0210s ]
SQL: SELECT * FROM `ts_commends` WHERE ( location = "首页" ) LIMIT 1   [ RunTime:0.0188s ]
SQL: SELECT * FROM `ts_resources` WHERE ( resource_id="1" )  [ RunTime:0.0319s ]
INFO: [ view_parse ] --START--
INFO: [ template_filter ] --START--
INFO: Run Behavior\ContentReplaceBehavior [ RunTime:0.000630s ]
INFO: [ template_filter ] --END-- [ RunTime:0.001872s ]
NOTIC: [8] Undefined index: msn G:\ts\APP\Runtime\Cache\Tweb\1d9365017b43709e612ba79d5bc5ee6a.php 第 70 行.
INFO: Run Behavior\ParseTemplateBehavior [ RunTime:0.132282s ]
INFO: [ view_parse ] --END-- [ RunTime:0.133494s ]
INFO: [ view_filter ] --START--
INFO: Run Behavior\WriteHtmlCacheBehavior [ RunTime:0.000764s ]
INFO: [ view_filter ] --END-- [ RunTime:0.001423s ]
INFO: [ app_end ] --START--
INFO: Run Behavior\ShowPageTraceBehavior [ RunTime:0.000911s ]
INFO: [ app_end ] --END-- [ RunTime:0.001564s ]

[ 2017-04-17T15:46:31+08:00 ] 127.0.0.1 /About/afterService.html
INFO: [ app_init ] --START--
INFO: Run Behavior\BuildLiteBehavior [ RunTime:0.000149s ]
INFO: [ app_init ] --END-- [ RunTime:0.001358s ]
INFO: [ app_begin ] --START--
INFO: Run Behavior\ReadHtmlCacheBehavior [ RunTime:0.000935s ]
INFO: [ app_begin ] --END-- [ RunTime:0.001756s ]
INFO: [ view_parse ] --START--
INFO: [ template_filter ] --START--
INFO: Run Behavior\ContentReplaceBehavior [ RunTime:0.000376s ]
INFO: [ template_filter ] --END-- [ RunTime:0.001066s ]
NOTIC: [8] Undefined index: msn G:\ts\APP\Runtime\Cache\Tweb\761fe4135bf8e6dbd7c72cb942980631.php 第 40 行.
NOTIC: [8] Undefined variable: entryStatus G:\ts\APP\Runtime\Cache\Tweb\761fe4135bf8e6dbd7c72cb942980631.php 第 42 行.
INFO: Run Behavior\ParseTemplateBehavior [ RunTime:0.072329s ]
INFO: [ view_parse ] --END-- [ RunTime:0.073441s ]
INFO: [ view_filter ] --START--
INFO: Run Behavior\WriteHtmlCacheBehavior [ RunTime:0.001003s ]
INFO: [ view_filter ] --END-- [ RunTime:0.001978s ]
INFO: [ app_end ] --START--
INFO: Run Behavior\ShowPageTraceBehavior [ RunTime:0.002076s ]
INFO: [ app_end ] --END-- [ RunTime:0.003800s ]

[ 2017-04-17T15:46:36+08:00 ] 127.0.0.1 /News/index.html
INFO: [ app_init ] --START--
INFO: Run Behavior\BuildLiteBehavior [ RunTime:0.000264s ]
INFO: [ app_init ] --END-- [ RunTime:0.002311s ]
INFO: [ app_begin ] --START--
INFO: Run Behavior\ReadHtmlCacheBehavior [ RunTime:0.001142s ]
INFO: [ app_begin ] --END-- [ RunTime:0.002194s ]
SQL: SHOW COLUMNS FROM `ts_news` [ RunTime:0.0324s ]
SQL: SELECT * FROM `ts_news` WHERE ( sta = 1 AND cate = 6 ) ORDER BY ord desc LIMIT 5   [ RunTime:0.0348s ]
INFO: [ view_parse ] --START--
INFO: [ template_filter ] --START--
INFO: Run Behavior\ContentReplaceBehavior [ RunTime:0.000967s ]
INFO: [ template_filter ] --END-- [ RunTime:0.002021s ]
NOTIC: [8] Undefined index: msn G:\ts\APP\Runtime\Cache\Tweb\2853934d57cce6d237dc0bc091804d32.php 第 40 行.
NOTIC: [8] Undefined variable: entryStatus G:\ts\APP\Runtime\Cache\Tweb\2853934d57cce6d237dc0bc091804d32.php 第 42 行.
INFO: Run Behavior\ParseTemplateBehavior [ RunTime:0.102270s ]
INFO: [ view_parse ] --END-- [ RunTime:0.103709s ]
INFO: [ view_filter ] --START--
INFO: Run Behavior\WriteHtmlCacheBehavior [ RunTime:0.001048s ]
INFO: [ view_filter ] --END-- [ RunTime:0.002004s ]
INFO: [ app_end ] --START--
INFO: Run Behavior\ShowPageTraceBehavior [ RunTime:0.001336s ]
INFO: [ app_end ] --END-- [ RunTime:0.002505s ]

[ 2017-04-17T15:46:43+08:00 ] 127.0.0.1 /About/index.html
INFO: [ app_init ] --START--
INFO: Run Behavior\BuildLiteBehavior [ RunTime:0.000162s ]
INFO: [ app_init ] --END-- [ RunTime:0.001239s ]
INFO: [ app_begin ] --START--
INFO: Run Behavior\ReadHtmlCacheBehavior [ RunTime:0.001389s ]
INFO: [ app_begin ] --END-- [ RunTime:0.002610s ]
INFO: [ view_parse ] --START--
INFO: [ template_filter ] --START--
INFO: Run Behavior\ContentReplaceBehavior [ RunTime:0.000679s ]
INFO: [ template_filter ] --END-- [ RunTime:0.002194s ]
NOTIC: [8] Undefined index: msn G:\ts\APP\Runtime\Cache\Tweb\e4706b38618b9911c51e7912db287139.php 第 40 行.
NOTIC: [8] Undefined variable: entryStatus G:\ts\APP\Runtime\Cache\Tweb\e4706b38618b9911c51e7912db287139.php 第 42 行.
INFO: Run Behavior\ParseTemplateBehavior [ RunTime:0.113533s ]
INFO: [ view_parse ] --END-- [ RunTime:0.114225s ]
INFO: [ view_filter ] --START--
INFO: Run Behavior\WriteHtmlCacheBehavior [ RunTime:0.000966s ]
INFO: [ view_filter ] --END-- [ RunTime:0.001657s ]
INFO: [ app_end ] --START--
INFO: Run Behavior\ShowPageTraceBehavior [ RunTime:0.001911s ]
INFO: [ app_end ] --END-- [ RunTime:0.002908s ]

[ 2017-04-17T15:48:46+08:00 ] 127.0.0.1 /Public/Plugin/AjaxFileUpload/ajaxfileupload.js
INFO: [ app_init ] --START--
INFO: Run Behavior\BuildLiteBehavior [ RunTime:0.000360s ]
INFO: [ app_init ] --END-- [ RunTime:0.002663s ]
INFO: [ app_begin ] --START--
INFO: Run Behavior\ReadHtmlCacheBehavior [ RunTime:0.001515s ]
INFO: [ app_begin ] --END-- [ RunTime:0.002908s ]
ERR: 非法操作:Plugin

[ 2017-04-17T15:48:51+08:00 ] 127.0.0.1 /Public/Plugin/AjaxFileUpload/ajaxfileupload.js
INFO: [ app_init ] --START--
INFO: Run Behavior\BuildLiteBehavior [ RunTime:0.000321s ]
INFO: [ app_init ] --END-- [ RunTime:0.002620s ]
INFO: [ app_begin ] --START--
INFO: Run Behavior\ReadHtmlCacheBehavior [ RunTime:0.001500s ]
INFO: [ app_begin ] --END-- [ RunTime:0.002874s ]
ERR: 非法操作:Plugin

[ 2017-04-17T15:48:54+08:00 ] 127.0.0.1 /Public/Plugin/AjaxFileUpload/ajaxfileupload.js
INFO: [ app_init ] --START--
INFO: Run Behavior\BuildLiteBehavior [ RunTime:0.000312s ]
INFO: [ app_init ] --END-- [ RunTime:0.002384s ]
INFO: [ app_begin ] --START--
INFO: Run Behavior\ReadHtmlCacheBehavior [ RunTime:0.001493s ]
INFO: [ app_begin ] --END-- [ RunTime:0.002809s ]
ERR: 非法操作:Plugin

[ 2017-04-17T15:48:58+08:00 ] 127.0.0.1 /Public/Plugin/AjaxFileUpload/ajaxfileupload.js
INFO: [ app_init ] --START--
INFO: Run Behavior\BuildLiteBehavior [ RunTime:0.000311s ]
INFO: [ app_init ] --END-- [ RunTime:0.017316s ]
INFO: [ app_begin ] --START--
INFO: Run Behavior\ReadHtmlCacheBehavior [ RunTime:0.001309s ]
INFO: [ app_begin ] --END-- [ RunTime:0.002381s ]
ERR: 非法操作:Plugin

[ 2017-04-17T15:51:08+08:00 ] 127.0.0.1 /Public/Plugin/AjaxFileUpload/ajaxfileupload.js
INFO: [ app_init ] --START--
INFO: Run Behavior\BuildLiteBehavior [ RunTime:0.000149s ]
INFO: [ app_init ] --END-- [ RunTime:0.001197s ]
INFO: [ app_begin ] --START--
INFO: Run Behavior\ReadHtmlCacheBehavior [ RunTime:0.000835s ]
INFO: [ app_begin ] --END-- [ RunTime:0.001548s ]
ERR: 非法操作:Plugin

[ 2017-04-17T15:51:09+08:00 ] 127.0.0.1 /Public/Plugin/AjaxFileUpload/ajaxfileupload.js
INFO: [ app_init ] --START--
INFO: Run Behavior\BuildLiteBehavior [ RunTime:0.000249s ]
INFO: [ app_init ] --END-- [ RunTime:0.001746s ]
INFO: [ app_begin ] --START--
INFO: Run Behavior\ReadHtmlCacheBehavior [ RunTime:0.000955s ]
INFO: [ app_begin ] --END-- [ RunTime:0.001974s ]
ERR: 非法操作:Plugin

[ 2017-04-17T15:51:15+08:00 ] 127.0.0.1 /About/index.html
INFO: [ app_init ] --START--
INFO: Run Behavior\BuildLiteBehavior [ RunTime:0.000150s ]
INFO: [ app_init ] --END-- [ RunTime:0.001552s ]
INFO: [ app_begin ] --START--
INFO: Run Behavior\ReadHtmlCacheBehavior [ RunTime:0.001243s ]
INFO: [ app_begin ] --END-- [ RunTime:0.002229s ]
INFO: [ view_parse ] --START--
INFO: [ template_filter ] --START--
INFO: Run Behavior\ContentReplaceBehavior [ RunTime:0.000353s ]
INFO: [ template_filter ] --END-- [ RunTime:0.001090s ]
NOTIC: [8] Undefined index: msn G:\ts\APP\Runtime\Cache\Tweb\e4706b38618b9911c51e7912db287139.php 第 40 行.
NOTIC: [8] Undefined variable: entryStatus G:\ts\APP\Runtime\Cache\Tweb\e4706b38618b9911c51e7912db287139.php 第 42 行.
INFO: Run Behavior\ParseTemplateBehavior [ RunTime:0.056193s ]
INFO: [ view_parse ] --END-- [ RunTime:0.056928s ]
INFO: [ view_filter ] --START--
INFO: Run Behavior\WriteHtmlCacheBehavior [ RunTime:0.000783s ]
INFO: [ view_filter ] --END-- [ RunTime:0.001451s ]
INFO: [ app_end ] --START--
INFO: Run Behavior\ShowPageTraceBehavior [ RunTime:0.001320s ]
INFO: [ app_end ] --END-- [ RunTime:0.002069s ]

[ 2017-04-17T15:51:23+08:00 ] 127.0.0.1 /Public/Plugin/AjaxFileUpload/ajaxfileupload.js
INFO: [ app_init ] --START--
INFO: Run Behavior\BuildLiteBehavior [ RunTime:0.000171s ]
INFO: [ app_init ] --END-- [ RunTime:0.001314s ]
INFO: [ app_begin ] --START--
INFO: Run Behavior\ReadHtmlCacheBehavior [ RunTime:0.001028s ]
INFO: [ app_begin ] --END-- [ RunTime:0.001977s ]
ERR: 非法操作:Plugin

[ 2017-04-17T15:51:23+08:00 ] 127.0.0.1 /Public/Plugin/AjaxFileUpload/ajaxfileupload.js
INFO: [ app_init ] --START--
INFO: Run Behavior\BuildLiteBehavior [ RunTime:0.000160s ]
INFO: [ app_init ] --END-- [ RunTime:0.002609s ]
INFO: [ app_begin ] --START--
INFO: Run Behavior\ReadHtmlCacheBehavior [ RunTime:0.001038s ]
INFO: [ app_begin ] --END-- [ RunTime:0.001731s ]
ERR: 非法操作:Plugin

[ 2017-04-17T15:51:58+08:00 ] 127.0.0.1 /Public/Plugin/AjaxFileUpload/ajaxfileupload.js
INFO: [ app_init ] --START--
INFO: Run Behavior\BuildLiteBehavior [ RunTime:0.000150s ]
INFO: [ app_init ] --END-- [ RunTime:0.001236s ]
INFO: [ app_begin ] --START--
INFO: Run Behavior\ReadHtmlCacheBehavior [ RunTime:0.001422s ]
INFO: [ app_begin ] --END-- [ RunTime:0.002652s ]
ERR: 非法操作:Plugin

[ 2017-04-17T15:52:07+08:00 ] 127.0.0.1 /About/index.html
INFO: [ app_init ] --START--
INFO: Run Behavior\BuildLiteBehavior [ RunTime:0.000156s ]
INFO: [ app_init ] --END-- [ RunTime:0.001757s ]
INFO: [ app_begin ] --START--
INFO: Run Behavior\ReadHtmlCacheBehavior [ RunTime:0.000857s ]
INFO: [ app_begin ] --END-- [ RunTime:0.001558s ]
INFO: [ view_parse ] --START--
INFO: [ template_filter ] --START--
INFO: Run Behavior\ContentReplaceBehavior [ RunTime:0.000688s ]
INFO: [ template_filter ] --END-- [ RunTime:0.001391s ]
NOTIC: [8] Undefined index: msn G:\ts\APP\Runtime\Cache\Tweb\e4706b38618b9911c51e7912db287139.php 第 40 行.
NOTIC: [8] Undefined variable: entryStatus G:\ts\APP\Runtime\Cache\Tweb\e4706b38618b9911c51e7912db287139.php 第 42 行.
INFO: Run Behavior\ParseTemplateBehavior [ RunTime:0.056005s ]
INFO: [ view_parse ] --END-- [ RunTime:0.056718s ]
INFO: [ view_filter ] --START--
INFO: Run Behavior\WriteHtmlCacheBehavior [ RunTime:0.000781s ]
INFO: [ view_filter ] --END-- [ RunTime:0.001425s ]
INFO: [ app_end ] --START--
INFO: Run Behavior\ShowPageTraceBehavior [ RunTime:0.000887s ]
INFO: [ app_end ] --END-- [ RunTime:0.001563s ]

[ 2017-04-17T16:00:36+08:00 ] 127.0.0.1 /
INFO: [ app_init ] --START--
INFO: Run Behavior\BuildLiteBehavior [ RunTime:0.000625s ]
INFO: [ app_init ] --END-- [ RunTime:0.390425s ]
INFO: [ app_begin ] --START--
INFO: Run Behavior\ReadHtmlCacheBehavior [ RunTime:0.121077s ]
INFO: [ app_begin ] --END-- [ RunTime:0.123778s ]
SQL: SHOW COLUMNS FROM `ts_entry` [ RunTime:0.4799s ]
SQL: SHOW COLUMNS FROM `ts_commends` [ RunTime:0.0056s ]
SQL: SHOW COLUMNS FROM `ts_resources` [ RunTime:0.0062s ]
SQL: SELECT * FROM `ts_entry`  [ RunTime:0.0059s ]
SQL: SELECT * FROM `ts_commends` WHERE ( location = "首页" ) LIMIT 1   [ RunTime:0.1674s ]
SQL: SELECT * FROM `ts_resources` WHERE ( resource_id="1" )  [ RunTime:0.0221s ]
INFO: [ view_parse ] --START--
INFO: [ template_filter ] --START--
INFO: Run Behavior\ContentReplaceBehavior [ RunTime:0.316927s ]
INFO: [ template_filter ] --END-- [ RunTime:0.319095s ]
NOTIC: [8] Undefined index: msn G:\ts\APP\Runtime\Cache\Tweb\1d9365017b43709e612ba79d5bc5ee6a.php 第 70 行.
INFO: Run Behavior\ParseTemplateBehavior [ RunTime:3.245005s ]
INFO: [ view_parse ] --END-- [ RunTime:3.246652s ]
INFO: [ view_filter ] --START--
INFO: Run Behavior\WriteHtmlCacheBehavior [ RunTime:0.066660s ]
INFO: [ view_filter ] --END-- [ RunTime:0.067916s ]
INFO: [ app_end ] --START--
INFO: Run Behavior\ShowPageTraceBehavior [ RunTime:0.190424s ]
INFO: [ app_end ] --END-- [ RunTime:0.193266s ]

[ 2017-04-17T16:00:56+08:00 ] 127.0.0.1 /
INFO: [ app_init ] --START--
INFO: Run Behavior\BuildLiteBehavior [ RunTime:0.000184s ]
INFO: [ app_init ] --END-- [ RunTime:0.001326s ]
INFO: [ app_begin ] --START--
INFO: Run Behavior\ReadHtmlCacheBehavior [ RunTime:0.000897s ]
INFO: [ app_begin ] --END-- [ RunTime:0.001734s ]
SQL: SHOW COLUMNS FROM `ts_entry` [ RunTime:0.0092s ]
SQL: SHOW COLUMNS FROM `ts_commends` [ RunTime:0.0066s ]
SQL: SHOW COLUMNS FROM `ts_resources` [ RunTime:0.0092s ]
SQL: SELECT * FROM `ts_entry`  [ RunTime:0.0367s ]
SQL: SELECT * FROM `ts_commends` WHERE ( location = "首页" ) LIMIT 1   [ RunTime:0.0071s ]
SQL: SELECT * FROM `ts_resources` WHERE ( resource_id="1" )  [ RunTime:0.0098s ]
INFO: [ view_parse ] --START--
INFO: [ template_filter ] --START--
INFO: Run Behavior\ContentReplaceBehavior [ RunTime:0.000451s ]
INFO: [ template_filter ] --END-- [ RunTime:0.001360s ]
NOTIC: [8] Undefined index: msn G:\ts\APP\Runtime\Cache\Tweb\1d9365017b43709e612ba79d5bc5ee6a.php 第 70 行.
INFO: Run Behavior\ParseTemplateBehavior [ RunTime:0.063961s ]
INFO: [ view_parse ] --END-- [ RunTime:0.065021s ]
INFO: [ view_filter ] --START--
INFO: Run Behavior\WriteHtmlCacheBehavior [ RunTime:0.000633s ]
INFO: [ view_filter ] --END-- [ RunTime:0.001336s ]
INFO: [ app_end ] --START--
INFO: Run Behavior\ShowPageTraceBehavior [ RunTime:0.000877s ]
INFO: [ app_end ] --END-- [ RunTime:0.001664s ]

